{"event": "Environment 'dev' is active", "timestamp": "2023-01-25T16:54:44.669461Z", "level": "info"}
{"event": "Creating engine '<meltano.core.project.Project object at 0x7fdb94647a90>@sqlite:////Users/radbrt/projects/meltanywhere/azure/.meltano/meltano.db'", "timestamp": "2023-01-25T16:54:45.721896Z", "level": "debug"}
{"plugin_name": "tap-sftp", "event": "found plugin in cli invocation", "level": "debug", "timestamp": "2023-01-25T16:54:45.847316Z"}
{"plugin": "target-jsonl", "parent": "target-jsonl", "source": "lockfile", "event": "Found plugin parent", "level": "debug", "timestamp": "2023-01-25T16:54:45.848602Z"}
{"plugin_name": "target-jsonl", "event": "found plugin in cli invocation", "level": "debug", "timestamp": "2023-01-25T16:54:45.849144Z"}
{"block": "<meltano.core.plugin.project_plugin.ProjectPlugin object at 0x7fdb94cc6440>", "event": "head of set is extractor as expected", "level": "debug", "timestamp": "2023-01-25T16:54:45.849281Z"}
{"block_type": "loaders", "index": 1, "event": "found block", "level": "debug", "timestamp": "2023-01-25T16:54:45.948195Z"}
{"offset": 0, "idx": 1, "event": "blocks", "level": "debug", "timestamp": "2023-01-25T16:54:45.948330Z"}
{"event": "Variable '$MELTANO_LOAD_SCHEMA' is missing from the environment.", "timestamp": "2023-01-25T16:54:45.995832Z", "level": "debug"}
{"offset": 0, "event": "found ExtractLoadBlocks set", "level": "debug", "timestamp": "2023-01-25T16:54:45.998416Z"}
{"event": "All ExtractLoadBlocks validated, starting execution.", "level": "debug", "timestamp": "2023-01-25T16:54:45.998562Z"}
{"event": "Created configuration at /Users/radbrt/projects/meltanywhere/azure/.meltano/run/tap-sftp/tap.48a780e9-bf27-4ad4-b786-a2934dacd903.config.json", "timestamp": "2023-01-25T16:54:47.008315Z", "level": "debug"}
{"event": "Could not find tap.properties.json in /Users/radbrt/projects/meltanywhere/azure/.meltano/extractors/tap-sftp/tap.properties.json, skipping.", "timestamp": "2023-01-25T16:54:47.009059Z", "level": "debug"}
{"event": "Could not find tap.properties.cache_key in /Users/radbrt/projects/meltanywhere/azure/.meltano/extractors/tap-sftp/tap.properties.cache_key, skipping.", "timestamp": "2023-01-25T16:54:47.010022Z", "level": "debug"}
{"event": "Could not find state.json in /Users/radbrt/projects/meltanywhere/azure/.meltano/extractors/tap-sftp/state.json, skipping.", "timestamp": "2023-01-25T16:54:47.010279Z", "level": "debug"}
{"event": "Performing full refresh, ignoring state left behind by any previous runs.", "level": "info", "timestamp": "2023-01-25T16:54:47.012242Z"}
{"event": "Using cached catalog file", "level": "debug", "timestamp": "2023-01-25T16:54:47.013350Z"}
{"event": "Visiting CatalogNode.STREAM at '.streams[0]'.", "timestamp": "2023-01-25T16:54:47.014294Z", "level": "debug"}
{"event": "Setting '.streams[0].selected' to 'False'", "timestamp": "2023-01-25T16:54:47.014580Z", "level": "debug"}
{"event": "Setting '.streams[0].selected' to 'True'", "timestamp": "2023-01-25T16:54:47.014687Z", "level": "debug"}
{"event": "Skipping node at '.streams[0].stream'", "timestamp": "2023-01-25T16:54:47.014819Z", "level": "debug"}
{"event": "Skipping node at '.streams[0].tap_stream_id'", "timestamp": "2023-01-25T16:54:47.014919Z", "level": "debug"}
{"event": "Skipping node at '.streams[0].schema.type'", "timestamp": "2023-01-25T16:54:47.015023Z", "level": "debug"}
{"event": "Visiting CatalogNode.PROPERTY at '.streams[0].schema.properties._sdc_source_file'.", "timestamp": "2023-01-25T16:54:47.015377Z", "level": "debug"}
{"event": "Visiting CatalogNode.PROPERTY at '.streams[0].schema.properties._sdc_source_lineno'.", "timestamp": "2023-01-25T16:54:47.015486Z", "level": "debug"}
{"event": "Visiting CatalogNode.PROPERTY at '.streams[0].schema.properties._sdc_extra'.", "timestamp": "2023-01-25T16:54:47.015600Z", "level": "debug"}
{"event": "Skipping node at '.streams[0].schema.properties._sdc_extra.items.type'", "timestamp": "2023-01-25T16:54:47.015712Z", "level": "debug"}
{"event": "Visiting CatalogNode.METADATA at '.streams[0].metadata[0]'.", "timestamp": "2023-01-25T16:54:47.015813Z", "level": "debug"}
{"event": "Visiting metadata node for tap_stream_id 'xelt', breadcrumb '[]'", "timestamp": "2023-01-25T16:54:47.015905Z", "level": "debug"}
{"event": "Setting '.streams[0].metadata[0].metadata.selected' to 'False'", "timestamp": "2023-01-25T16:54:47.016010Z", "level": "debug"}
{"event": "Setting '.streams[0].metadata[0].metadata.selected' to 'True'", "timestamp": "2023-01-25T16:54:47.016097Z", "level": "debug"}
{"event": "Skipping node at '.streams[0].metadata[0].metadata.forced-replication-method'", "timestamp": "2023-01-25T16:54:47.016199Z", "level": "debug"}
{"event": "Skipping node at '.streams[0].metadata[0].metadata.inclusion'", "timestamp": "2023-01-25T16:54:47.016289Z", "level": "debug"}
{"event": "Skipping node at '.streams[0].metadata[0].metadata.selected'", "timestamp": "2023-01-25T16:54:47.016410Z", "level": "debug"}
{"event": "Visiting CatalogNode.METADATA at '.streams[0].metadata[1]'.", "timestamp": "2023-01-25T16:54:47.016510Z", "level": "debug"}
{"event": "Setting '.streams[0].metadata[1].metadata.selected' to 'False'", "timestamp": "2023-01-25T16:54:47.016734Z", "level": "debug"}
{"event": "Setting '.streams[0].metadata[1].metadata.selected' to 'True'", "timestamp": "2023-01-25T16:54:47.016820Z", "level": "debug"}
{"event": "Skipping node at '.streams[0].metadata[1].breadcrumb[0]'", "timestamp": "2023-01-25T16:54:47.016910Z", "level": "debug"}
{"event": "Skipping node at '.streams[0].metadata[1].breadcrumb[1]'", "timestamp": "2023-01-25T16:54:47.016996Z", "level": "debug"}
{"event": "Skipping node at '.streams[0].metadata[1].metadata.inclusion'", "timestamp": "2023-01-25T16:54:47.017089Z", "level": "debug"}
{"event": "Skipping node at '.streams[0].metadata[1].metadata.selected'", "timestamp": "2023-01-25T16:54:47.017174Z", "level": "debug"}
{"event": "Visiting CatalogNode.METADATA at '.streams[0].metadata[2]'.", "timestamp": "2023-01-25T16:54:47.017265Z", "level": "debug"}
{"event": "Visiting metadata node for tap_stream_id 'xelt', breadcrumb '['properties', '_sdc_source_file']'", "timestamp": "2023-01-25T16:54:47.017351Z", "level": "debug"}
{"event": "Setting '.streams[0].metadata[2].metadata.selected' to 'False'", "timestamp": "2023-01-25T16:54:47.017452Z", "level": "debug"}
{"event": "Setting '.streams[0].metadata[2].metadata.selected' to 'True'", "timestamp": "2023-01-25T16:54:47.017535Z", "level": "debug"}
{"event": "Skipping node at '.streams[0].metadata[2].breadcrumb[0]'", "timestamp": "2023-01-25T16:54:47.017636Z", "level": "debug"}
{"event": "Skipping node at '.streams[0].metadata[2].breadcrumb[1]'", "timestamp": "2023-01-25T16:54:47.017722Z", "level": "debug"}
{"event": "Skipping node at '.streams[0].metadata[2].metadata.inclusion'", "timestamp": "2023-01-25T16:54:47.017815Z", "level": "debug"}
{"event": "Skipping node at '.streams[0].metadata[2].metadata.selected'", "timestamp": "2023-01-25T16:54:47.017901Z", "level": "debug"}
{"event": "Visiting CatalogNode.METADATA at '.streams[0].metadata[3]'.", "timestamp": "2023-01-25T16:54:47.017991Z", "level": "debug"}
{"event": "Visiting metadata node for tap_stream_id 'xelt', breadcrumb '['properties', '_sdc_source_lineno']'", "timestamp": "2023-01-25T16:54:47.018077Z", "level": "debug"}
{"event": "Setting '.streams[0].metadata[3].metadata.selected' to 'False'", "timestamp": "2023-01-25T16:54:47.018178Z", "level": "debug"}
{"event": "Setting '.streams[0].metadata[3].metadata.selected' to 'True'", "timestamp": "2023-01-25T16:54:47.018262Z", "level": "debug"}
{"event": "Skipping node at '.streams[0].metadata[3].breadcrumb[0]'", "timestamp": "2023-01-25T16:54:47.018350Z", "level": "debug"}
{"event": "Skipping node at '.streams[0].metadata[3].breadcrumb[1]'", "timestamp": "2023-01-25T16:54:47.018480Z", "level": "debug"}
{"event": "Skipping node at '.streams[0].metadata[3].metadata.inclusion'", "timestamp": "2023-01-25T16:54:47.018713Z", "level": "debug"}
{"event": "Skipping node at '.streams[0].metadata[3].metadata.selected'", "timestamp": "2023-01-25T16:54:47.018920Z", "level": "debug"}
{"event": "Visiting CatalogNode.METADATA at '.streams[0].metadata[4]'.", "timestamp": "2023-01-25T16:54:47.019097Z", "level": "debug"}
{"event": "Visiting metadata node for tap_stream_id 'xelt', breadcrumb '['properties', '_sdc_extra']'", "timestamp": "2023-01-25T16:54:47.019207Z", "level": "debug"}
{"event": "Setting '.streams[0].metadata[4].metadata.selected' to 'False'", "timestamp": "2023-01-25T16:54:47.019325Z", "level": "debug"}
{"event": "Setting '.streams[0].metadata[4].metadata.selected' to 'True'", "timestamp": "2023-01-25T16:54:47.019409Z", "level": "debug"}
{"event": "Skipping node at '.streams[0].metadata[4].breadcrumb[0]'", "timestamp": "2023-01-25T16:54:47.019497Z", "level": "debug"}
{"event": "Skipping node at '.streams[0].metadata[4].breadcrumb[1]'", "timestamp": "2023-01-25T16:54:47.019581Z", "level": "debug"}
{"event": "Skipping node at '.streams[0].metadata[4].metadata.inclusion'", "timestamp": "2023-01-25T16:54:47.019672Z", "level": "debug"}
{"event": "Skipping node at '.streams[0].metadata[4].metadata.selected'", "timestamp": "2023-01-25T16:54:47.019758Z", "level": "debug"}
{"event": "Skipping node at '.streams[0].selected'", "timestamp": "2023-01-25T16:54:47.019844Z", "level": "debug"}
{"event": "Invoking: ['/Users/radbrt/projects/meltanywhere/azure/.meltano/extractors/tap-sftp/venv/bin/tap-sftp', '--config', '/Users/radbrt/projects/meltanywhere/azure/.meltano/run/tap-sftp/tap.48a780e9-bf27-4ad4-b786-a2934dacd903.config.json', '--catalog', '/Users/radbrt/projects/meltanywhere/azure/.meltano/run/tap-sftp/tap.properties.json']", "timestamp": "2023-01-25T16:54:47.026917Z", "level": "debug"}
{"event": "Variable '$MELTANO_LOAD_SCHEMA' is missing from the environment.", "timestamp": "2023-01-25T16:54:47.054753Z", "level": "debug"}
{"event": "Variable '$MELTANO_LOAD_SCHEMA' is missing from the environment.", "timestamp": "2023-01-25T16:54:47.063280Z", "level": "debug"}
{"event": "Created configuration at /Users/radbrt/projects/meltanywhere/azure/.meltano/run/target-jsonl/target.5a38bf69-c3f1-4bfd-a929-6fd99fa2e11d.config.json", "timestamp": "2023-01-25T16:54:47.063978Z", "level": "debug"}
{"event": "Invoking: ['/Users/radbrt/projects/meltanywhere/azure/.meltano/loaders/target-jsonl/venv/bin/target-jsonl', '--config', '/Users/radbrt/projects/meltanywhere/azure/.meltano/run/target-jsonl/target.5a38bf69-c3f1-4bfd-a929-6fd99fa2e11d.config.json']", "timestamp": "2023-01-25T16:54:47.069577Z", "level": "debug"}
{"event": "waiting for process completion or exception", "level": "debug", "timestamp": "2023-01-25T16:54:47.080891Z"}
{"consumer": false, "producer": true, "string_id": "tap-sftp", "cmd_type": "elb", "stdio": "stderr", "name": "tap-sftp", "event": "/Users/radbrt/projects/meltanywhere/azure/.meltano/extractors/tap-sftp/venv/lib/python3.10/site-packages/paramiko/transport.py:219: CryptographyDeprecationWarning: Blowfish has been deprecated", "level": "info", "timestamp": "2023-01-25T16:54:47.288566Z"}
{"consumer": false, "producer": true, "string_id": "tap-sftp", "cmd_type": "elb", "stdio": "stderr", "name": "tap-sftp", "event": "  \"class\": algorithms.Blowfish,", "level": "info", "timestamp": "2023-01-25T16:54:47.289017Z"}
{"consumer": false, "producer": true, "string_id": "tap-sftp", "cmd_type": "elb", "stdio": "stderr", "name": "tap-sftp", "event": "INFO Starting sync.", "level": "info", "timestamp": "2023-01-25T16:54:47.415255Z"}
{"consumer": false, "producer": true, "string_id": "tap-sftp", "cmd_type": "elb", "stdio": "stderr", "name": "tap-sftp", "event": "INFO Creating new connection to SFTP...", "level": "info", "timestamp": "2023-01-25T16:54:47.415587Z"}
{"consumer": false, "producer": true, "string_id": "tap-sftp", "cmd_type": "elb", "stdio": "stderr", "name": "tap-sftp", "event": "INFO Connected (version 2.0, client AzureSSH_1.0.0)", "level": "info", "timestamp": "2023-01-25T16:54:47.463838Z"}
{"consumer": false, "producer": true, "string_id": "tap-sftp", "cmd_type": "elb", "stdio": "stderr", "name": "tap-sftp", "event": "INFO Authentication (password) successful!", "level": "info", "timestamp": "2023-01-25T16:54:47.658305Z"}
{"consumer": false, "producer": true, "string_id": "tap-sftp", "cmd_type": "elb", "stdio": "stderr", "name": "tap-sftp", "event": "INFO [chan 0] Opened sftp connection (server version 3)", "level": "info", "timestamp": "2023-01-25T16:54:47.692794Z"}
{"consumer": false, "producer": true, "string_id": "tap-sftp", "cmd_type": "elb", "stdio": "stderr", "name": "tap-sftp", "event": "INFO Connection successful", "level": "info", "timestamp": "2023-01-25T16:54:47.693254Z"}
{"consumer": false, "producer": true, "string_id": "tap-sftp", "cmd_type": "elb", "stdio": "stdout", "name": "tap-sftp", "event": "{\"type\": \"STATE\", \"value\": {}}", "level": "info", "timestamp": "2023-01-25T16:54:47.693939Z"}
{"consumer": false, "producer": true, "string_id": "tap-sftp", "cmd_type": "elb", "stdio": "stdout", "name": "tap-sftp", "event": "{\"type\": \"SCHEMA\", \"stream\": \"xelt\", \"schema\": {\"properties\": {\"lokalid\": {\"type\": [\"null\", \"string\"]}, \"_sdc_source_file\": {\"type\": \"string\"}, \"_sdc_source_lineno\": {\"type\": \"integer\"}, \"_sdc_extra\": {\"items\": {\"type\": \"string\"}, \"type\": \"array\"}}, \"type\": \"object\"}, \"key_properties\": []}", "level": "info", "timestamp": "2023-01-25T16:54:47.694410Z"}
{"consumer": false, "producer": true, "string_id": "tap-sftp", "cmd_type": "elb", "stdio": "stderr", "name": "tap-sftp", "event": "INFO xelt: Starting sync", "level": "info", "timestamp": "2023-01-25T16:54:47.694823Z"}
{"consumer": false, "producer": true, "string_id": "tap-sftp", "cmd_type": "elb", "stdio": "stderr", "name": "tap-sftp", "event": "INFO Syncing table \"xelt\".", "level": "info", "timestamp": "2023-01-25T16:54:47.695309Z"}
{"consumer": false, "producer": true, "string_id": "tap-sftp", "cmd_type": "elb", "stdio": "stderr", "name": "tap-sftp", "event": "INFO Getting files modified since 2021-01-28 00:00:00+00:00.", "level": "info", "timestamp": "2023-01-25T16:54:47.695672Z"}
{"consumer": false, "producer": true, "string_id": "tap-sftp", "cmd_type": "elb", "stdio": "stderr", "name": "tap-sftp", "event": "INFO Found 291 files in \"\"", "level": "info", "timestamp": "2023-01-25T16:54:48.215708Z"}
{"consumer": false, "producer": true, "string_id": "tap-sftp", "cmd_type": "elb", "stdio": "stderr", "name": "tap-sftp", "event": "INFO Searching for files for matching pattern: test_.*\\.*", "level": "info", "timestamp": "2023-01-25T16:54:48.216241Z"}
{"consumer": false, "producer": true, "string_id": "tap-sftp", "cmd_type": "elb", "stdio": "stderr", "name": "tap-sftp", "event": "INFO Found 42 files in \"\" matching \"test_.*\\.*\"", "level": "info", "timestamp": "2023-01-25T16:54:48.216537Z"}
{"consumer": false, "producer": true, "string_id": "tap-sftp", "cmd_type": "elb", "stdio": "stderr", "name": "tap-sftp", "event": "INFO Found file: ./address_test_file.csv", "level": "info", "timestamp": "2023-01-25T16:54:48.216805Z"}
{"consumer": false, "producer": true, "string_id": "tap-sftp", "cmd_type": "elb", "stdio": "stderr", "name": "tap-sftp", "event": "INFO Found file: ./test_3ac7c4.csv", "level": "info", "timestamp": "2023-01-25T16:54:48.217052Z"}
{"consumer": false, "producer": true, "string_id": "tap-sftp", "cmd_type": "elb", "stdio": "stderr", "name": "tap-sftp", "event": "INFO Found file: ./test_42c6dc.csv", "level": "info", "timestamp": "2023-01-25T16:54:48.217256Z"}
{"consumer": false, "producer": true, "string_id": "tap-sftp", "cmd_type": "elb", "stdio": "stderr", "name": "tap-sftp", "event": "INFO Found file: ./test_46f612.csv", "level": "info", "timestamp": "2023-01-25T16:54:48.217484Z"}
{"consumer": false, "producer": true, "string_id": "tap-sftp", "cmd_type": "elb", "stdio": "stderr", "name": "tap-sftp", "event": "INFO Found file: ./test_487f9c.csv", "level": "info", "timestamp": "2023-01-25T16:54:48.217688Z"}
{"consumer": false, "producer": true, "string_id": "tap-sftp", "cmd_type": "elb", "stdio": "stderr", "name": "tap-sftp", "event": "INFO Found file: ./test_5a19f5.csv", "level": "info", "timestamp": "2023-01-25T16:54:48.217902Z"}
{"consumer": false, "producer": true, "string_id": "tap-sftp", "cmd_type": "elb", "stdio": "stderr", "name": "tap-sftp", "event": "INFO Found file: ./test_5b3988.csv", "level": "info", "timestamp": "2023-01-25T16:54:48.218107Z"}
{"consumer": false, "producer": true, "string_id": "tap-sftp", "cmd_type": "elb", "stdio": "stderr", "name": "tap-sftp", "event": "INFO Found file: ./test_686a85.csv", "level": "info", "timestamp": "2023-01-25T16:54:48.218304Z"}
{"consumer": false, "producer": true, "string_id": "tap-sftp", "cmd_type": "elb", "stdio": "stderr", "name": "tap-sftp", "event": "INFO Found file: ./test_7569eb.csv", "level": "info", "timestamp": "2023-01-25T16:54:48.218498Z"}
{"consumer": false, "producer": true, "string_id": "tap-sftp", "cmd_type": "elb", "stdio": "stderr", "name": "tap-sftp", "event": "INFO Found file: ./test_7bdf4f.csv", "level": "info", "timestamp": "2023-01-25T16:54:48.218689Z"}
{"consumer": false, "producer": true, "string_id": "tap-sftp", "cmd_type": "elb", "stdio": "stderr", "name": "tap-sftp", "event": "INFO Found file: ./test_809010.csv", "level": "info", "timestamp": "2023-01-25T16:54:48.218884Z"}
{"consumer": false, "producer": true, "string_id": "tap-sftp", "cmd_type": "elb", "stdio": "stderr", "name": "tap-sftp", "event": "INFO Found file: ./test_871049.csv", "level": "info", "timestamp": "2023-01-25T16:54:48.219128Z"}
{"consumer": false, "producer": true, "string_id": "tap-sftp", "cmd_type": "elb", "stdio": "stderr", "name": "tap-sftp", "event": "INFO Found file: ./test_ac76c3.csv", "level": "info", "timestamp": "2023-01-25T16:54:48.219330Z"}
{"consumer": false, "producer": true, "string_id": "tap-sftp", "cmd_type": "elb", "stdio": "stderr", "name": "tap-sftp", "event": "INFO Found file: ./test_bced22.csv", "level": "info", "timestamp": "2023-01-25T16:54:48.219725Z"}
{"consumer": false, "producer": true, "string_id": "tap-sftp", "cmd_type": "elb", "stdio": "stderr", "name": "tap-sftp", "event": "INFO Found file: ./test_ca0a64.csv", "level": "info", "timestamp": "2023-01-25T16:54:48.220008Z"}
{"consumer": false, "producer": true, "string_id": "tap-sftp", "cmd_type": "elb", "stdio": "stderr", "name": "tap-sftp", "event": "INFO Found file: ./test_ca0c0b.csv", "level": "info", "timestamp": "2023-01-25T16:54:48.220217Z"}
{"consumer": false, "producer": true, "string_id": "tap-sftp", "cmd_type": "elb", "stdio": "stderr", "name": "tap-sftp", "event": "INFO Found file: ./test_db2f48.csv", "level": "info", "timestamp": "2023-01-25T16:54:48.220448Z"}
{"consumer": false, "producer": true, "string_id": "tap-sftp", "cmd_type": "elb", "stdio": "stderr", "name": "tap-sftp", "event": "INFO Found file: ./test_e1c113.csv", "level": "info", "timestamp": "2023-01-25T16:54:48.220649Z"}
{"consumer": false, "producer": true, "string_id": "tap-sftp", "cmd_type": "elb", "stdio": "stderr", "name": "tap-sftp", "event": "INFO Found file: ./test_e22fbb.csv", "level": "info", "timestamp": "2023-01-25T16:54:48.220851Z"}
{"consumer": false, "producer": true, "string_id": "tap-sftp", "cmd_type": "elb", "stdio": "stderr", "name": "tap-sftp", "event": "INFO Found file: ./test_ec70e8.csv", "level": "info", "timestamp": "2023-01-25T16:54:48.221045Z"}
{"consumer": false, "producer": true, "string_id": "tap-sftp", "cmd_type": "elb", "stdio": "stderr", "name": "tap-sftp", "event": "INFO Found file: ./test_fc2b20.csv", "level": "info", "timestamp": "2023-01-25T16:54:48.221248Z"}
{"consumer": false, "producer": true, "string_id": "tap-sftp", "cmd_type": "elb", "stdio": "stderr", "name": "tap-sftp", "event": "INFO Found file: ./test_fce06e.csv", "level": "info", "timestamp": "2023-01-25T16:54:48.221458Z"}
{"consumer": false, "producer": true, "string_id": "tap-sftp", "cmd_type": "elb", "stdio": "stderr", "name": "tap-sftp", "event": "INFO Found file: ./test_users_145a70.csv", "level": "info", "timestamp": "2023-01-25T16:54:48.221631Z"}
{"consumer": false, "producer": true, "string_id": "tap-sftp", "cmd_type": "elb", "stdio": "stderr", "name": "tap-sftp", "event": "INFO Found file: ./test_users_36d0f9.csv", "level": "info", "timestamp": "2023-01-25T16:54:48.221796Z"}
{"consumer": false, "producer": true, "string_id": "tap-sftp", "cmd_type": "elb", "stdio": "stderr", "name": "tap-sftp", "event": "INFO Found file: ./test_users_377e3a.csv", "level": "info", "timestamp": "2023-01-25T16:54:48.221961Z"}
{"consumer": false, "producer": true, "string_id": "tap-sftp", "cmd_type": "elb", "stdio": "stderr", "name": "tap-sftp", "event": "INFO Found file: ./test_users_38a465.csv", "level": "info", "timestamp": "2023-01-25T16:54:48.222134Z"}
{"consumer": false, "producer": true, "string_id": "tap-sftp", "cmd_type": "elb", "stdio": "stderr", "name": "tap-sftp", "event": "INFO Found file: ./test_users_3ca3e5.csv", "level": "info", "timestamp": "2023-01-25T16:54:48.222299Z"}
{"consumer": false, "producer": true, "string_id": "tap-sftp", "cmd_type": "elb", "stdio": "stderr", "name": "tap-sftp", "event": "INFO Found file: ./test_users_465df4.csv", "level": "info", "timestamp": "2023-01-25T16:54:48.222463Z"}
{"consumer": false, "producer": true, "string_id": "tap-sftp", "cmd_type": "elb", "stdio": "stderr", "name": "tap-sftp", "event": "INFO Found file: ./test_users_57fe6e.csv", "level": "info", "timestamp": "2023-01-25T16:54:48.222651Z"}
{"consumer": false, "producer": true, "string_id": "tap-sftp", "cmd_type": "elb", "stdio": "stderr", "name": "tap-sftp", "event": "INFO Found file: ./test_users_752290.csv", "level": "info", "timestamp": "2023-01-25T16:54:48.222819Z"}
{"consumer": false, "producer": true, "string_id": "tap-sftp", "cmd_type": "elb", "stdio": "stderr", "name": "tap-sftp", "event": "INFO Found file: ./test_users_757e66.csv", "level": "info", "timestamp": "2023-01-25T16:54:48.222990Z"}
{"consumer": false, "producer": true, "string_id": "tap-sftp", "cmd_type": "elb", "stdio": "stderr", "name": "tap-sftp", "event": "INFO Found file: ./test_users_75bf04.csv", "level": "info", "timestamp": "2023-01-25T16:54:48.223152Z"}
{"consumer": false, "producer": true, "string_id": "tap-sftp", "cmd_type": "elb", "stdio": "stderr", "name": "tap-sftp", "event": "INFO Found file: ./test_users_764a8e.csv", "level": "info", "timestamp": "2023-01-25T16:54:48.223313Z"}
{"consumer": false, "producer": true, "string_id": "tap-sftp", "cmd_type": "elb", "stdio": "stderr", "name": "tap-sftp", "event": "INFO Found file: ./test_users_840723.csv", "level": "info", "timestamp": "2023-01-25T16:54:48.223491Z"}
{"consumer": false, "producer": true, "string_id": "tap-sftp", "cmd_type": "elb", "stdio": "stderr", "name": "tap-sftp", "event": "INFO Found file: ./test_users_8b7df3.csv", "level": "info", "timestamp": "2023-01-25T16:54:48.223655Z"}
{"consumer": false, "producer": true, "string_id": "tap-sftp", "cmd_type": "elb", "stdio": "stderr", "name": "tap-sftp", "event": "INFO Found file: ./test_users_8d6896.csv", "level": "info", "timestamp": "2023-01-25T16:54:48.223817Z"}
{"consumer": false, "producer": true, "string_id": "tap-sftp", "cmd_type": "elb", "stdio": "stderr", "name": "tap-sftp", "event": "INFO Found file: ./test_users_ba060f.csv", "level": "info", "timestamp": "2023-01-25T16:54:48.223990Z"}
{"consumer": false, "producer": true, "string_id": "tap-sftp", "cmd_type": "elb", "stdio": "stderr", "name": "tap-sftp", "event": "INFO Found file: ./test_users_bd900e.csv", "level": "info", "timestamp": "2023-01-25T16:54:48.224161Z"}
{"consumer": false, "producer": true, "string_id": "tap-sftp", "cmd_type": "elb", "stdio": "stderr", "name": "tap-sftp", "event": "INFO Found file: ./test_users_ca5785.csv", "level": "info", "timestamp": "2023-01-25T16:54:48.224340Z"}
{"consumer": false, "producer": true, "string_id": "tap-sftp", "cmd_type": "elb", "stdio": "stderr", "name": "tap-sftp", "event": "INFO Found file: ./test_users_f2513d.csv", "level": "info", "timestamp": "2023-01-25T16:54:48.224504Z"}
{"consumer": false, "producer": true, "string_id": "tap-sftp", "cmd_type": "elb", "stdio": "stderr", "name": "tap-sftp", "event": "INFO Found file: ./test_users_f48f11.csv", "level": "info", "timestamp": "2023-01-25T16:54:48.224821Z"}
{"consumer": false, "producer": true, "string_id": "tap-sftp", "cmd_type": "elb", "stdio": "stderr", "name": "tap-sftp", "event": "INFO Found file: ./test_users_f81d0f.csv", "level": "info", "timestamp": "2023-01-25T16:54:48.225018Z"}
{"consumer": false, "producer": true, "string_id": "tap-sftp", "cmd_type": "elb", "stdio": "stderr", "name": "tap-sftp", "event": "INFO Found 42 files to be synced.", "level": "info", "timestamp": "2023-01-25T16:54:48.225221Z"}
{"consumer": false, "producer": true, "string_id": "tap-sftp", "cmd_type": "elb", "stdio": "stderr", "name": "tap-sftp", "event": "INFO Syncing file \"./address_test_file.csv\".", "level": "info", "timestamp": "2023-01-25T16:54:48.225409Z"}
{"consumer": false, "producer": true, "string_id": "tap-sftp", "cmd_type": "elb", "stdio": "stderr", "name": "tap-sftp", "event": "INFO Synced Record Count: 0", "level": "info", "timestamp": "2023-01-25T16:54:48.341631Z"}
{"consumer": false, "producer": true, "string_id": "tap-sftp", "cmd_type": "elb", "stdio": "stdout", "name": "tap-sftp", "event": "{\"type\": \"STATE\", \"value\": {\"bookmarks\": {\"xelt\": {\"modified_since\": \"2023-01-06T09:59:59+00:00\"}}}}", "level": "info", "timestamp": "2023-01-25T16:54:48.346248Z"}
{"consumer": false, "producer": true, "string_id": "tap-sftp", "cmd_type": "elb", "stdio": "stderr", "name": "tap-sftp", "event": "INFO Sync Complete - Records Synced: 10", "level": "info", "timestamp": "2023-01-25T16:54:48.346612Z"}
{"consumer": false, "producer": true, "string_id": "tap-sftp", "cmd_type": "elb", "stdio": "stderr", "name": "tap-sftp", "event": "INFO Syncing file \"./test_3ac7c4.csv\".", "level": "info", "timestamp": "2023-01-25T16:54:48.346941Z"}
{"consumer": false, "producer": true, "string_id": "tap-sftp", "cmd_type": "elb", "stdio": "stderr", "name": "tap-sftp", "event": "INFO Synced Record Count: 0", "level": "info", "timestamp": "2023-01-25T16:54:48.509111Z"}
{"consumer": false, "producer": true, "string_id": "tap-sftp", "cmd_type": "elb", "stdio": "stdout", "name": "tap-sftp", "event": "{\"type\": \"STATE\", \"value\": {\"bookmarks\": {\"xelt\": {\"modified_since\": \"2022-09-01T15:21:43+00:00\"}}}}", "level": "info", "timestamp": "2023-01-25T16:54:49.005796Z"}
{"consumer": false, "producer": true, "string_id": "tap-sftp", "cmd_type": "elb", "stdio": "stderr", "name": "tap-sftp", "event": "INFO Sync Complete - Records Synced: 969", "level": "info", "timestamp": "2023-01-25T16:54:49.006070Z"}
{"consumer": false, "producer": true, "string_id": "tap-sftp", "cmd_type": "elb", "stdio": "stderr", "name": "tap-sftp", "event": "INFO Syncing file \"./test_42c6dc.csv\".", "level": "info", "timestamp": "2023-01-25T16:54:49.006316Z"}
{"consumer": false, "producer": true, "string_id": "tap-sftp", "cmd_type": "elb", "stdio": "stderr", "name": "tap-sftp", "event": "INFO Synced Record Count: 0", "level": "info", "timestamp": "2023-01-25T16:54:49.006874Z"}
{"consumer": false, "producer": true, "string_id": "tap-sftp", "cmd_type": "elb", "stdio": "stdout", "name": "tap-sftp", "event": "{\"type\": \"STATE\", \"value\": {\"bookmarks\": {\"xelt\": {\"modified_since\": \"2022-09-01T15:21:42+00:00\"}}}}", "level": "info", "timestamp": "2023-01-25T16:54:49.336710Z"}
{"consumer": false, "producer": true, "string_id": "tap-sftp", "cmd_type": "elb", "stdio": "stderr", "name": "tap-sftp", "event": "INFO Sync Complete - Records Synced: 664", "level": "info", "timestamp": "2023-01-25T16:54:49.521679Z"}
{"consumer": false, "producer": true, "string_id": "tap-sftp", "cmd_type": "elb", "stdio": "stderr", "name": "tap-sftp", "event": "INFO Syncing file \"./test_46f612.csv\".", "level": "info", "timestamp": "2023-01-25T16:54:49.521877Z"}
{"consumer": false, "producer": true, "string_id": "tap-sftp", "cmd_type": "elb", "stdio": "stderr", "name": "tap-sftp", "event": "INFO Synced Record Count: 0", "level": "info", "timestamp": "2023-01-25T16:54:49.522058Z"}
{"consumer": false, "producer": true, "string_id": "tap-sftp", "cmd_type": "elb", "stdio": "stdout", "name": "tap-sftp", "event": "{\"type\": \"STATE\", \"value\": {\"bookmarks\": {\"xelt\": {\"modified_since\": \"2022-09-01T15:21:42+00:00\"}}}}", "level": "info", "timestamp": "2023-01-25T16:54:49.637417Z"}
{"consumer": false, "producer": true, "string_id": "tap-sftp", "cmd_type": "elb", "stdio": "stderr", "name": "tap-sftp", "event": "INFO Sync Complete - Records Synced: 794", "level": "info", "timestamp": "2023-01-25T16:54:49.637791Z"}
{"consumer": false, "producer": true, "string_id": "tap-sftp", "cmd_type": "elb", "stdio": "stderr", "name": "tap-sftp", "event": "INFO Syncing file \"./test_487f9c.csv\".", "level": "info", "timestamp": "2023-01-25T16:54:49.638034Z"}
{"consumer": false, "producer": true, "string_id": "tap-sftp", "cmd_type": "elb", "stdio": "stderr", "name": "tap-sftp", "event": "INFO Synced Record Count: 0", "level": "info", "timestamp": "2023-01-25T16:54:49.638413Z"}
{"consumer": false, "producer": true, "string_id": "tap-sftp", "cmd_type": "elb", "stdio": "stderr", "name": "tap-sftp", "event": "INFO Sync Complete - Records Synced: 422", "level": "info", "timestamp": "2023-01-25T16:54:49.638621Z"}
{"consumer": false, "producer": true, "string_id": "tap-sftp", "cmd_type": "elb", "stdio": "stderr", "name": "tap-sftp", "event": "INFO Syncing file \"./test_5a19f5.csv\".", "level": "info", "timestamp": "2023-01-25T16:54:49.638795Z"}
{"consumer": false, "producer": true, "string_id": "tap-sftp", "cmd_type": "elb", "stdio": "stdout", "name": "tap-sftp", "event": "{\"type\": \"STATE\", \"value\": {\"bookmarks\": {\"xelt\": {\"modified_since\": \"2022-09-01T15:21:42+00:00\"}}}}", "level": "info", "timestamp": "2023-01-25T16:54:49.863426Z"}
{"consumer": false, "producer": true, "string_id": "tap-sftp", "cmd_type": "elb", "stdio": "stderr", "name": "tap-sftp", "event": "INFO Synced Record Count: 0", "level": "info", "timestamp": "2023-01-25T16:54:49.863901Z"}
{"consumer": false, "producer": true, "string_id": "tap-sftp", "cmd_type": "elb", "stdio": "stderr", "name": "tap-sftp", "event": "INFO Sync Complete - Records Synced: 306", "level": "info", "timestamp": "2023-01-25T16:54:49.864128Z"}
{"consumer": false, "producer": true, "string_id": "tap-sftp", "cmd_type": "elb", "stdio": "stderr", "name": "tap-sftp", "event": "INFO Syncing file \"./test_5b3988.csv\".", "level": "info", "timestamp": "2023-01-25T16:54:49.864375Z"}
{"consumer": false, "producer": true, "string_id": "tap-sftp", "cmd_type": "elb", "stdio": "stderr", "name": "tap-sftp", "event": "INFO Synced Record Count: 0", "level": "info", "timestamp": "2023-01-25T16:54:49.864558Z"}
{"consumer": false, "producer": true, "string_id": "tap-sftp", "cmd_type": "elb", "stdio": "stdout", "name": "tap-sftp", "event": "{\"type\": \"STATE\", \"value\": {\"bookmarks\": {\"xelt\": {\"modified_since\": \"2022-09-01T15:21:42+00:00\"}}}}", "level": "info", "timestamp": "2023-01-25T16:54:49.966125Z"}
{"consumer": false, "producer": true, "string_id": "tap-sftp", "cmd_type": "elb", "stdio": "stdout", "name": "tap-sftp", "event": "{\"type\": \"STATE\", \"value\": {\"bookmarks\": {\"xelt\": {\"modified_since\": \"2022-09-01T15:21:42+00:00\"}}}}", "level": "info", "timestamp": "2023-01-25T16:54:50.169276Z"}
{"consumer": false, "producer": true, "string_id": "tap-sftp", "cmd_type": "elb", "stdio": "stdout", "name": "tap-sftp", "event": "{\"type\": \"STATE\", \"value\": {\"bookmarks\": {\"xelt\": {\"modified_since\": \"2022-09-01T15:21:42+00:00\"}}}}", "level": "info", "timestamp": "2023-01-25T16:54:50.202084Z"}
{"consumer": false, "producer": true, "string_id": "tap-sftp", "cmd_type": "elb", "stdio": "stderr", "name": "tap-sftp", "event": "INFO Sync Complete - Records Synced: 491", "level": "info", "timestamp": "2023-01-25T16:54:50.202310Z"}
{"consumer": false, "producer": true, "string_id": "tap-sftp", "cmd_type": "elb", "stdio": "stderr", "name": "tap-sftp", "event": "INFO Syncing file \"./test_686a85.csv\".", "level": "info", "timestamp": "2023-01-25T16:54:50.202553Z"}
{"consumer": false, "producer": true, "string_id": "tap-sftp", "cmd_type": "elb", "stdio": "stderr", "name": "tap-sftp", "event": "INFO Synced Record Count: 0", "level": "info", "timestamp": "2023-01-25T16:54:50.202748Z"}
{"consumer": false, "producer": true, "string_id": "tap-sftp", "cmd_type": "elb", "stdio": "stderr", "name": "tap-sftp", "event": "INFO Sync Complete - Records Synced: 142", "level": "info", "timestamp": "2023-01-25T16:54:50.202910Z"}
{"consumer": false, "producer": true, "string_id": "tap-sftp", "cmd_type": "elb", "stdio": "stderr", "name": "tap-sftp", "event": "INFO Syncing file \"./test_7569eb.csv\".", "level": "info", "timestamp": "2023-01-25T16:54:50.203068Z"}
{"consumer": false, "producer": true, "string_id": "tap-sftp", "cmd_type": "elb", "stdio": "stderr", "name": "tap-sftp", "event": "INFO Synced Record Count: 0", "level": "info", "timestamp": "2023-01-25T16:54:50.203430Z"}
{"consumer": false, "producer": true, "string_id": "tap-sftp", "cmd_type": "elb", "stdio": "stdout", "name": "tap-sftp", "event": "{\"type\": \"STATE\", \"value\": {\"bookmarks\": {\"xelt\": {\"modified_since\": \"2022-09-01T15:21:42+00:00\"}}}}", "level": "info", "timestamp": "2023-01-25T16:54:50.517526Z"}
{"consumer": false, "producer": true, "string_id": "tap-sftp", "cmd_type": "elb", "stdio": "stdout", "name": "tap-sftp", "event": "{\"type\": \"STATE\", \"value\": {\"bookmarks\": {\"xelt\": {\"modified_since\": \"2022-09-01T15:21:42+00:00\"}}}}", "level": "info", "timestamp": "2023-01-25T16:54:50.560795Z"}
{"consumer": false, "producer": true, "string_id": "tap-sftp", "cmd_type": "elb", "stdio": "stderr", "name": "tap-sftp", "event": "INFO Sync Complete - Records Synced: 731", "level": "info", "timestamp": "2023-01-25T16:54:50.676195Z"}
{"consumer": false, "producer": true, "string_id": "tap-sftp", "cmd_type": "elb", "stdio": "stderr", "name": "tap-sftp", "event": "INFO Syncing file \"./test_7bdf4f.csv\".", "level": "info", "timestamp": "2023-01-25T16:54:50.676376Z"}
{"consumer": false, "producer": true, "string_id": "tap-sftp", "cmd_type": "elb", "stdio": "stderr", "name": "tap-sftp", "event": "INFO Synced Record Count: 0", "level": "info", "timestamp": "2023-01-25T16:54:50.676541Z"}
{"consumer": false, "producer": true, "string_id": "tap-sftp", "cmd_type": "elb", "stdio": "stderr", "name": "tap-sftp", "event": "INFO Sync Complete - Records Synced: 239", "level": "info", "timestamp": "2023-01-25T16:54:50.677142Z"}
{"consumer": false, "producer": true, "string_id": "tap-sftp", "cmd_type": "elb", "stdio": "stderr", "name": "tap-sftp", "event": "INFO Syncing file \"./test_809010.csv\".", "level": "info", "timestamp": "2023-01-25T16:54:50.677338Z"}
{"consumer": false, "producer": true, "string_id": "tap-sftp", "cmd_type": "elb", "stdio": "stderr", "name": "tap-sftp", "event": "INFO Synced Record Count: 0", "level": "info", "timestamp": "2023-01-25T16:54:50.677671Z"}
{"consumer": false, "producer": true, "string_id": "tap-sftp", "cmd_type": "elb", "stdio": "stdout", "name": "tap-sftp", "event": "{\"type\": \"STATE\", \"value\": {\"bookmarks\": {\"xelt\": {\"modified_since\": \"2022-09-01T15:21:42+00:00\"}}}}", "level": "info", "timestamp": "2023-01-25T16:54:50.831821Z"}
{"consumer": false, "producer": true, "string_id": "tap-sftp", "cmd_type": "elb", "stdio": "stderr", "name": "tap-sftp", "event": "INFO Sync Complete - Records Synced: 580", "level": "info", "timestamp": "2023-01-25T16:54:50.865959Z"}
{"consumer": false, "producer": true, "string_id": "tap-sftp", "cmd_type": "elb", "stdio": "stderr", "name": "tap-sftp", "event": "INFO Syncing file \"./test_871049.csv\".", "level": "info", "timestamp": "2023-01-25T16:54:50.866123Z"}
{"consumer": false, "producer": true, "string_id": "tap-sftp", "cmd_type": "elb", "stdio": "stderr", "name": "tap-sftp", "event": "INFO Synced Record Count: 0", "level": "info", "timestamp": "2023-01-25T16:54:50.866282Z"}
{"consumer": false, "producer": true, "string_id": "tap-sftp", "cmd_type": "elb", "stdio": "stdout", "name": "tap-sftp", "event": "{\"type\": \"STATE\", \"value\": {\"bookmarks\": {\"xelt\": {\"modified_since\": \"2022-09-01T15:21:43+00:00\"}}}}", "level": "info", "timestamp": "2023-01-25T16:54:51.091994Z"}
{"consumer": false, "producer": true, "string_id": "tap-sftp", "cmd_type": "elb", "stdio": "stderr", "name": "tap-sftp", "event": "INFO Sync Complete - Records Synced: 686", "level": "info", "timestamp": "2023-01-25T16:54:51.112080Z"}
{"consumer": false, "producer": true, "string_id": "tap-sftp", "cmd_type": "elb", "stdio": "stderr", "name": "tap-sftp", "event": "INFO Syncing file \"./test_ac76c3.csv\".", "level": "info", "timestamp": "2023-01-25T16:54:51.112268Z"}
{"consumer": false, "producer": true, "string_id": "tap-sftp", "cmd_type": "elb", "stdio": "stderr", "name": "tap-sftp", "event": "INFO Synced Record Count: 0", "level": "info", "timestamp": "2023-01-25T16:54:51.112470Z"}
{"consumer": false, "producer": true, "string_id": "tap-sftp", "cmd_type": "elb", "stdio": "stdout", "name": "tap-sftp", "event": "{\"type\": \"STATE\", \"value\": {\"bookmarks\": {\"xelt\": {\"modified_since\": \"2022-09-01T15:21:43+00:00\"}}}}", "level": "info", "timestamp": "2023-01-25T16:54:51.412759Z"}
{"consumer": false, "producer": true, "string_id": "tap-sftp", "cmd_type": "elb", "stdio": "stdout", "name": "tap-sftp", "event": "{\"type\": \"STATE\", \"value\": {\"bookmarks\": {\"xelt\": {\"modified_since\": \"2022-09-01T15:21:42+00:00\"}}}}", "level": "info", "timestamp": "2023-01-25T16:54:51.449875Z"}
{"consumer": false, "producer": true, "string_id": "tap-sftp", "cmd_type": "elb", "stdio": "stderr", "name": "tap-sftp", "event": "INFO Sync Complete - Records Synced: 833", "level": "info", "timestamp": "2023-01-25T16:54:51.450140Z"}
{"consumer": false, "producer": true, "string_id": "tap-sftp", "cmd_type": "elb", "stdio": "stderr", "name": "tap-sftp", "event": "INFO Syncing file \"./test_bced22.csv\".", "level": "info", "timestamp": "2023-01-25T16:54:51.450321Z"}
{"consumer": false, "producer": true, "string_id": "tap-sftp", "cmd_type": "elb", "stdio": "stderr", "name": "tap-sftp", "event": "INFO Synced Record Count: 0", "level": "info", "timestamp": "2023-01-25T16:54:51.450490Z"}
{"consumer": false, "producer": true, "string_id": "tap-sftp", "cmd_type": "elb", "stdio": "stderr", "name": "tap-sftp", "event": "INFO Sync Complete - Records Synced: 202", "level": "info", "timestamp": "2023-01-25T16:54:51.450655Z"}
{"consumer": false, "producer": true, "string_id": "tap-sftp", "cmd_type": "elb", "stdio": "stderr", "name": "tap-sftp", "event": "INFO Syncing file \"./test_ca0a64.csv\".", "level": "info", "timestamp": "2023-01-25T16:54:51.450818Z"}
{"consumer": false, "producer": true, "string_id": "tap-sftp", "cmd_type": "elb", "stdio": "stderr", "name": "tap-sftp", "event": "INFO Synced Record Count: 0", "level": "info", "timestamp": "2023-01-25T16:54:51.451148Z"}
{"consumer": false, "producer": true, "string_id": "tap-sftp", "cmd_type": "elb", "stdio": "stderr", "name": "tap-sftp", "event": "INFO Sync Complete - Records Synced: 65", "level": "info", "timestamp": "2023-01-25T16:54:51.451354Z"}
{"consumer": false, "producer": true, "string_id": "tap-sftp", "cmd_type": "elb", "stdio": "stderr", "name": "tap-sftp", "event": "INFO Syncing file \"./test_ca0c0b.csv\".", "level": "info", "timestamp": "2023-01-25T16:54:51.451530Z"}
{"consumer": false, "producer": true, "string_id": "tap-sftp", "cmd_type": "elb", "stdio": "stdout", "name": "tap-sftp", "event": "{\"type\": \"STATE\", \"value\": {\"bookmarks\": {\"xelt\": {\"modified_since\": \"2022-09-01T15:21:42+00:00\"}}}}", "level": "info", "timestamp": "2023-01-25T16:54:51.492917Z"}
{"consumer": false, "producer": true, "string_id": "tap-sftp", "cmd_type": "elb", "stdio": "stderr", "name": "tap-sftp", "event": "INFO Synced Record Count: 0", "level": "info", "timestamp": "2023-01-25T16:54:51.533529Z"}
{"consumer": false, "producer": true, "string_id": "tap-sftp", "cmd_type": "elb", "stdio": "stdout", "name": "tap-sftp", "event": "{\"type\": \"STATE\", \"value\": {\"bookmarks\": {\"xelt\": {\"modified_since\": \"2022-09-01T15:21:42+00:00\"}}}}", "level": "info", "timestamp": "2023-01-25T16:54:51.899874Z"}
{"consumer": false, "producer": true, "string_id": "tap-sftp", "cmd_type": "elb", "stdio": "stdout", "name": "tap-sftp", "event": "{\"type\": \"STATE\", \"value\": {\"bookmarks\": {\"xelt\": {\"modified_since\": \"2022-09-01T15:21:42+00:00\"}}}}", "level": "info", "timestamp": "2023-01-25T16:54:51.915894Z"}
{"consumer": false, "producer": true, "string_id": "tap-sftp", "cmd_type": "elb", "stdio": "stderr", "name": "tap-sftp", "event": "INFO Sync Complete - Records Synced: 770", "level": "info", "timestamp": "2023-01-25T16:54:52.102537Z"}
{"consumer": false, "producer": true, "string_id": "tap-sftp", "cmd_type": "elb", "stdio": "stderr", "name": "tap-sftp", "event": "INFO Syncing file \"./test_db2f48.csv\".", "level": "info", "timestamp": "2023-01-25T16:54:52.102732Z"}
{"consumer": false, "producer": true, "string_id": "tap-sftp", "cmd_type": "elb", "stdio": "stderr", "name": "tap-sftp", "event": "INFO Synced Record Count: 0", "level": "info", "timestamp": "2023-01-25T16:54:52.102926Z"}
{"consumer": false, "producer": true, "string_id": "tap-sftp", "cmd_type": "elb", "stdio": "stderr", "name": "tap-sftp", "event": "INFO Sync Complete - Records Synced: 63", "level": "info", "timestamp": "2023-01-25T16:54:52.103127Z"}
{"consumer": false, "producer": true, "string_id": "tap-sftp", "cmd_type": "elb", "stdio": "stderr", "name": "tap-sftp", "event": "INFO Syncing file \"./test_e1c113.csv\".", "level": "info", "timestamp": "2023-01-25T16:54:52.103322Z"}
{"consumer": false, "producer": true, "string_id": "tap-sftp", "cmd_type": "elb", "stdio": "stderr", "name": "tap-sftp", "event": "INFO Synced Record Count: 0", "level": "info", "timestamp": "2023-01-25T16:54:52.103487Z"}
{"consumer": false, "producer": true, "string_id": "tap-sftp", "cmd_type": "elb", "stdio": "stdout", "name": "tap-sftp", "event": "{\"type\": \"STATE\", \"value\": {\"bookmarks\": {\"xelt\": {\"modified_since\": \"2022-09-01T15:21:42+00:00\"}}}}", "level": "info", "timestamp": "2023-01-25T16:54:52.281666Z"}
{"consumer": false, "producer": true, "string_id": "tap-sftp", "cmd_type": "elb", "stdio": "stderr", "name": "tap-sftp", "event": "INFO Sync Complete - Records Synced: 721", "level": "info", "timestamp": "2023-01-25T16:54:52.437574Z"}
{"consumer": false, "producer": true, "string_id": "tap-sftp", "cmd_type": "elb", "stdio": "stderr", "name": "tap-sftp", "event": "INFO Syncing file \"./test_e22fbb.csv\".", "level": "info", "timestamp": "2023-01-25T16:54:52.437756Z"}
{"consumer": false, "producer": true, "string_id": "tap-sftp", "cmd_type": "elb", "stdio": "stderr", "name": "tap-sftp", "event": "INFO Synced Record Count: 0", "level": "info", "timestamp": "2023-01-25T16:54:52.437913Z"}
{"consumer": false, "producer": true, "string_id": "tap-sftp", "cmd_type": "elb", "stdio": "stdout", "name": "tap-sftp", "event": "{\"type\": \"STATE\", \"value\": {\"bookmarks\": {\"xelt\": {\"modified_since\": \"2022-09-01T15:21:42+00:00\"}}}}", "level": "info", "timestamp": "2023-01-25T16:54:52.497893Z"}
{"consumer": false, "producer": true, "string_id": "tap-sftp", "cmd_type": "elb", "stdio": "stderr", "name": "tap-sftp", "event": "INFO Sync Complete - Records Synced: 771", "level": "info", "timestamp": "2023-01-25T16:54:52.972772Z"}
{"consumer": false, "producer": true, "string_id": "tap-sftp", "cmd_type": "elb", "stdio": "stderr", "name": "tap-sftp", "event": "INFO Syncing file \"./test_ec70e8.csv\".", "level": "info", "timestamp": "2023-01-25T16:54:52.973139Z"}
{"consumer": false, "producer": true, "string_id": "tap-sftp", "cmd_type": "elb", "stdio": "stderr", "name": "tap-sftp", "event": "INFO Synced Record Count: 0", "level": "info", "timestamp": "2023-01-25T16:54:52.973341Z"}
{"consumer": false, "producer": true, "string_id": "tap-sftp", "cmd_type": "elb", "stdio": "stdout", "name": "tap-sftp", "event": "{\"type\": \"STATE\", \"value\": {\"bookmarks\": {\"xelt\": {\"modified_since\": \"2022-09-01T15:21:42+00:00\"}}}}", "level": "info", "timestamp": "2023-01-25T16:54:52.986319Z"}
{"consumer": false, "producer": true, "string_id": "tap-sftp", "cmd_type": "elb", "stdio": "stdout", "name": "tap-sftp", "event": "{\"type\": \"STATE\", \"value\": {\"bookmarks\": {\"xelt\": {\"modified_since\": \"2022-09-01T15:21:42+00:00\"}}}}", "level": "info", "timestamp": "2023-01-25T16:54:53.174277Z"}
{"consumer": false, "producer": true, "string_id": "tap-sftp", "cmd_type": "elb", "stdio": "stdout", "name": "tap-sftp", "event": "{\"type\": \"STATE\", \"value\": {\"bookmarks\": {\"xelt\": {\"modified_since\": \"2022-09-01T15:21:42+00:00\"}}}}", "level": "info", "timestamp": "2023-01-25T16:54:53.286898Z"}
{"consumer": false, "producer": true, "string_id": "tap-sftp", "cmd_type": "elb", "stdio": "stderr", "name": "tap-sftp", "event": "INFO Sync Complete - Records Synced: 916", "level": "info", "timestamp": "2023-01-25T16:54:53.294007Z"}
{"consumer": false, "producer": true, "string_id": "tap-sftp", "cmd_type": "elb", "stdio": "stderr", "name": "tap-sftp", "event": "INFO Syncing file \"./test_fc2b20.csv\".", "level": "info", "timestamp": "2023-01-25T16:54:53.294195Z"}
{"consumer": false, "producer": true, "string_id": "tap-sftp", "cmd_type": "elb", "stdio": "stderr", "name": "tap-sftp", "event": "INFO Synced Record Count: 0", "level": "info", "timestamp": "2023-01-25T16:54:53.294365Z"}
{"consumer": false, "producer": true, "string_id": "tap-sftp", "cmd_type": "elb", "stdio": "stderr", "name": "tap-sftp", "event": "INFO Sync Complete - Records Synced: 625", "level": "info", "timestamp": "2023-01-25T16:54:53.294652Z"}
{"consumer": false, "producer": true, "string_id": "tap-sftp", "cmd_type": "elb", "stdio": "stderr", "name": "tap-sftp", "event": "INFO Syncing file \"./test_fce06e.csv\".", "level": "info", "timestamp": "2023-01-25T16:54:53.294880Z"}
{"consumer": false, "producer": true, "string_id": "tap-sftp", "cmd_type": "elb", "stdio": "stderr", "name": "tap-sftp", "event": "INFO Synced Record Count: 0", "level": "info", "timestamp": "2023-01-25T16:54:53.295098Z"}
{"consumer": false, "producer": true, "string_id": "tap-sftp", "cmd_type": "elb", "stdio": "stderr", "name": "tap-sftp", "event": "INFO Sync Complete - Records Synced: 168", "level": "info", "timestamp": "2023-01-25T16:54:53.295266Z"}
{"consumer": false, "producer": true, "string_id": "tap-sftp", "cmd_type": "elb", "stdio": "stderr", "name": "tap-sftp", "event": "INFO Syncing file \"./test_users_145a70.csv\".", "level": "info", "timestamp": "2023-01-25T16:54:53.295425Z"}
{"consumer": false, "producer": true, "string_id": "tap-sftp", "cmd_type": "elb", "stdio": "stderr", "name": "tap-sftp", "event": "INFO Synced Record Count: 0", "level": "info", "timestamp": "2023-01-25T16:54:53.295589Z"}
{"consumer": false, "producer": true, "string_id": "tap-sftp", "cmd_type": "elb", "stdio": "stdout", "name": "tap-sftp", "event": "{\"type\": \"STATE\", \"value\": {\"bookmarks\": {\"xelt\": {\"modified_since\": \"2022-09-01T15:21:36+00:00\"}}}}", "level": "info", "timestamp": "2023-01-25T16:54:53.306074Z"}
{"consumer": false, "producer": true, "string_id": "tap-sftp", "cmd_type": "elb", "stdio": "stdout", "name": "tap-sftp", "event": "{\"type\": \"STATE\", \"value\": {\"bookmarks\": {\"xelt\": {\"modified_since\": \"2022-09-01T15:21:36+00:00\"}}}}", "level": "info", "timestamp": "2023-01-25T16:54:53.389216Z"}
{"consumer": false, "producer": true, "string_id": "tap-sftp", "cmd_type": "elb", "stdio": "stderr", "name": "tap-sftp", "event": "INFO Sync Complete - Records Synced: 78", "level": "info", "timestamp": "2023-01-25T16:54:53.391995Z"}
{"consumer": false, "producer": true, "string_id": "tap-sftp", "cmd_type": "elb", "stdio": "stderr", "name": "tap-sftp", "event": "INFO Syncing file \"./test_users_36d0f9.csv\".", "level": "info", "timestamp": "2023-01-25T16:54:53.392263Z"}
{"consumer": false, "producer": true, "string_id": "tap-sftp", "cmd_type": "elb", "stdio": "stderr", "name": "tap-sftp", "event": "INFO Synced Record Count: 0", "level": "info", "timestamp": "2023-01-25T16:54:53.392565Z"}
{"consumer": false, "producer": true, "string_id": "tap-sftp", "cmd_type": "elb", "stdio": "stderr", "name": "tap-sftp", "event": "INFO Sync Complete - Records Synced: 215", "level": "info", "timestamp": "2023-01-25T16:54:53.392921Z"}
{"consumer": false, "producer": true, "string_id": "tap-sftp", "cmd_type": "elb", "stdio": "stderr", "name": "tap-sftp", "event": "INFO Syncing file \"./test_users_377e3a.csv\".", "level": "info", "timestamp": "2023-01-25T16:54:53.393152Z"}
{"consumer": false, "producer": true, "string_id": "tap-sftp", "cmd_type": "elb", "stdio": "stderr", "name": "tap-sftp", "event": "INFO Synced Record Count: 0", "level": "info", "timestamp": "2023-01-25T16:54:53.393423Z"}
{"consumer": false, "producer": true, "string_id": "tap-sftp", "cmd_type": "elb", "stdio": "stdout", "name": "tap-sftp", "event": "{\"type\": \"STATE\", \"value\": {\"bookmarks\": {\"xelt\": {\"modified_since\": \"2022-09-01T15:21:36+00:00\"}}}}", "level": "info", "timestamp": "2023-01-25T16:54:53.739669Z"}
{"consumer": false, "producer": true, "string_id": "tap-sftp", "cmd_type": "elb", "stdio": "stdout", "name": "tap-sftp", "event": "{\"type\": \"STATE\", \"value\": {\"bookmarks\": {\"xelt\": {\"modified_since\": \"2022-09-01T15:21:36+00:00\"}}}}", "level": "info", "timestamp": "2023-01-25T16:54:53.787618Z"}
{"consumer": false, "producer": true, "string_id": "tap-sftp", "cmd_type": "elb", "stdio": "stderr", "name": "tap-sftp", "event": "INFO Sync Complete - Records Synced: 690", "level": "info", "timestamp": "2023-01-25T16:54:53.892782Z"}
{"consumer": false, "producer": true, "string_id": "tap-sftp", "cmd_type": "elb", "stdio": "stderr", "name": "tap-sftp", "event": "INFO Syncing file \"./test_users_38a465.csv\".", "level": "info", "timestamp": "2023-01-25T16:54:53.892990Z"}
{"consumer": false, "producer": true, "string_id": "tap-sftp", "cmd_type": "elb", "stdio": "stderr", "name": "tap-sftp", "event": "INFO Synced Record Count: 0", "level": "info", "timestamp": "2023-01-25T16:54:53.893164Z"}
{"consumer": false, "producer": true, "string_id": "tap-sftp", "cmd_type": "elb", "stdio": "stderr", "name": "tap-sftp", "event": "INFO Sync Complete - Records Synced: 156", "level": "info", "timestamp": "2023-01-25T16:54:53.893524Z"}
{"consumer": false, "producer": true, "string_id": "tap-sftp", "cmd_type": "elb", "stdio": "stderr", "name": "tap-sftp", "event": "INFO Syncing file \"./test_users_3ca3e5.csv\".", "level": "info", "timestamp": "2023-01-25T16:54:53.893803Z"}
{"consumer": false, "producer": true, "string_id": "tap-sftp", "cmd_type": "elb", "stdio": "stderr", "name": "tap-sftp", "event": "INFO Synced Record Count: 0", "level": "info", "timestamp": "2023-01-25T16:54:53.894026Z"}
{"consumer": false, "producer": true, "string_id": "tap-sftp", "cmd_type": "elb", "stdio": "stderr", "name": "tap-sftp", "event": "INFO Sync Complete - Records Synced: 451", "level": "info", "timestamp": "2023-01-25T16:54:53.894235Z"}
{"consumer": false, "producer": true, "string_id": "tap-sftp", "cmd_type": "elb", "stdio": "stderr", "name": "tap-sftp", "event": "INFO Syncing file \"./test_users_465df4.csv\".", "level": "info", "timestamp": "2023-01-25T16:54:53.894414Z"}
{"consumer": false, "producer": true, "string_id": "tap-sftp", "cmd_type": "elb", "stdio": "stdout", "name": "tap-sftp", "event": "{\"type\": \"STATE\", \"value\": {\"bookmarks\": {\"xelt\": {\"modified_since\": \"2022-09-01T15:21:36+00:00\"}}}}", "level": "info", "timestamp": "2023-01-25T16:54:54.003818Z"}
{"consumer": false, "producer": true, "string_id": "tap-sftp", "cmd_type": "elb", "stdio": "stderr", "name": "tap-sftp", "event": "INFO Synced Record Count: 0", "level": "info", "timestamp": "2023-01-25T16:54:54.153084Z"}
{"consumer": false, "producer": true, "string_id": "tap-sftp", "cmd_type": "elb", "stdio": "stdout", "name": "tap-sftp", "event": "{\"type\": \"STATE\", \"value\": {\"bookmarks\": {\"xelt\": {\"modified_since\": \"2022-09-01T15:21:36+00:00\"}}}}", "level": "info", "timestamp": "2023-01-25T16:54:54.165897Z"}
{"consumer": false, "producer": true, "string_id": "tap-sftp", "cmd_type": "elb", "stdio": "stdout", "name": "tap-sftp", "event": "{\"type\": \"STATE\", \"value\": {\"bookmarks\": {\"xelt\": {\"modified_since\": \"2022-09-01T15:21:36+00:00\"}}}}", "level": "info", "timestamp": "2023-01-25T16:54:54.275975Z"}
{"consumer": false, "producer": true, "string_id": "tap-sftp", "cmd_type": "elb", "stdio": "stdout", "name": "tap-sftp", "event": "{\"type\": \"STATE\", \"value\": {\"bookmarks\": {\"xelt\": {\"modified_since\": \"2022-09-01T15:21:36+00:00\"}}}}", "level": "info", "timestamp": "2023-01-25T16:54:54.341481Z"}
{"consumer": false, "producer": true, "string_id": "tap-sftp", "cmd_type": "elb", "stdio": "stderr", "name": "tap-sftp", "event": "INFO Sync Complete - Records Synced: 409", "level": "info", "timestamp": "2023-01-25T16:54:54.341760Z"}
{"consumer": false, "producer": true, "string_id": "tap-sftp", "cmd_type": "elb", "stdio": "stderr", "name": "tap-sftp", "event": "INFO Syncing file \"./test_users_57fe6e.csv\".", "level": "info", "timestamp": "2023-01-25T16:54:54.342025Z"}
{"consumer": false, "producer": true, "string_id": "tap-sftp", "cmd_type": "elb", "stdio": "stderr", "name": "tap-sftp", "event": "INFO Synced Record Count: 0", "level": "info", "timestamp": "2023-01-25T16:54:54.342224Z"}
{"consumer": false, "producer": true, "string_id": "tap-sftp", "cmd_type": "elb", "stdio": "stderr", "name": "tap-sftp", "event": "INFO Sync Complete - Records Synced: 326", "level": "info", "timestamp": "2023-01-25T16:54:54.342457Z"}
{"consumer": false, "producer": true, "string_id": "tap-sftp", "cmd_type": "elb", "stdio": "stderr", "name": "tap-sftp", "event": "INFO Syncing file \"./test_users_752290.csv\".", "level": "info", "timestamp": "2023-01-25T16:54:54.342655Z"}
{"consumer": false, "producer": true, "string_id": "tap-sftp", "cmd_type": "elb", "stdio": "stderr", "name": "tap-sftp", "event": "INFO Synced Record Count: 0", "level": "info", "timestamp": "2023-01-25T16:54:54.342831Z"}
{"consumer": false, "producer": true, "string_id": "tap-sftp", "cmd_type": "elb", "stdio": "stderr", "name": "tap-sftp", "event": "INFO Sync Complete - Records Synced: 175", "level": "info", "timestamp": "2023-01-25T16:54:54.343048Z"}
{"consumer": false, "producer": true, "string_id": "tap-sftp", "cmd_type": "elb", "stdio": "stderr", "name": "tap-sftp", "event": "INFO Syncing file \"./test_users_757e66.csv\".", "level": "info", "timestamp": "2023-01-25T16:54:54.343389Z"}
{"consumer": false, "producer": true, "string_id": "tap-sftp", "cmd_type": "elb", "stdio": "stderr", "name": "tap-sftp", "event": "INFO Synced Record Count: 0", "level": "info", "timestamp": "2023-01-25T16:54:54.343835Z"}
{"consumer": false, "producer": true, "string_id": "tap-sftp", "cmd_type": "elb", "stdio": "stdout", "name": "tap-sftp", "event": "{\"type\": \"STATE\", \"value\": {\"bookmarks\": {\"xelt\": {\"modified_since\": \"2022-09-01T15:21:36+00:00\"}}}}", "level": "info", "timestamp": "2023-01-25T16:54:54.750037Z"}
{"consumer": false, "producer": true, "string_id": "tap-sftp", "cmd_type": "elb", "stdio": "stderr", "name": "tap-sftp", "event": "INFO Sync Complete - Records Synced: 872", "level": "info", "timestamp": "2023-01-25T16:54:54.801459Z"}
{"consumer": false, "producer": true, "string_id": "tap-sftp", "cmd_type": "elb", "stdio": "stderr", "name": "tap-sftp", "event": "INFO Syncing file \"./test_users_75bf04.csv\".", "level": "info", "timestamp": "2023-01-25T16:54:54.801634Z"}
{"consumer": false, "producer": true, "string_id": "tap-sftp", "cmd_type": "elb", "stdio": "stderr", "name": "tap-sftp", "event": "INFO Synced Record Count: 0", "level": "info", "timestamp": "2023-01-25T16:54:54.801800Z"}
{"consumer": false, "producer": true, "string_id": "tap-sftp", "cmd_type": "elb", "stdio": "stdout", "name": "tap-sftp", "event": "{\"type\": \"STATE\", \"value\": {\"bookmarks\": {\"xelt\": {\"modified_since\": \"2022-09-01T15:21:36+00:00\"}}}}", "level": "info", "timestamp": "2023-01-25T16:54:55.009898Z"}
{"consumer": false, "producer": true, "string_id": "tap-sftp", "cmd_type": "elb", "stdio": "stderr", "name": "tap-sftp", "event": "INFO Sync Complete - Records Synced: 813", "level": "info", "timestamp": "2023-01-25T16:54:55.010200Z"}
{"consumer": false, "producer": true, "string_id": "tap-sftp", "cmd_type": "elb", "stdio": "stderr", "name": "tap-sftp", "event": "INFO Syncing file \"./test_users_764a8e.csv\".", "level": "info", "timestamp": "2023-01-25T16:54:55.010391Z"}
{"consumer": false, "producer": true, "string_id": "tap-sftp", "cmd_type": "elb", "stdio": "stderr", "name": "tap-sftp", "event": "INFO Synced Record Count: 0", "level": "info", "timestamp": "2023-01-25T16:54:55.010561Z"}
{"consumer": false, "producer": true, "string_id": "tap-sftp", "cmd_type": "elb", "stdio": "stderr", "name": "tap-sftp", "event": "INFO Sync Complete - Records Synced: 118", "level": "info", "timestamp": "2023-01-25T16:54:55.010730Z"}
{"consumer": false, "producer": true, "string_id": "tap-sftp", "cmd_type": "elb", "stdio": "stderr", "name": "tap-sftp", "event": "INFO Syncing file \"./test_users_840723.csv\".", "level": "info", "timestamp": "2023-01-25T16:54:55.010898Z"}
{"consumer": false, "producer": true, "string_id": "tap-sftp", "cmd_type": "elb", "stdio": "stdout", "name": "tap-sftp", "event": "{\"type\": \"STATE\", \"value\": {\"bookmarks\": {\"xelt\": {\"modified_since\": \"2022-09-01T15:21:36+00:00\"}}}}", "level": "info", "timestamp": "2023-01-25T16:54:55.078599Z"}
{"consumer": false, "producer": true, "string_id": "tap-sftp", "cmd_type": "elb", "stdio": "stderr", "name": "tap-sftp", "event": "INFO Synced Record Count: 0", "level": "info", "timestamp": "2023-01-25T16:54:55.179658Z"}
{"consumer": false, "producer": true, "string_id": "tap-sftp", "cmd_type": "elb", "stdio": "stdout", "name": "tap-sftp", "event": "{\"type\": \"STATE\", \"value\": {\"bookmarks\": {\"xelt\": {\"modified_since\": \"2022-09-01T15:21:36+00:00\"}}}}", "level": "info", "timestamp": "2023-01-25T16:54:55.225775Z"}
{"consumer": false, "producer": true, "string_id": "tap-sftp", "cmd_type": "elb", "stdio": "stderr", "name": "tap-sftp", "event": "INFO Sync Complete - Records Synced: 411", "level": "info", "timestamp": "2023-01-25T16:54:55.226106Z"}
{"consumer": false, "producer": true, "string_id": "tap-sftp", "cmd_type": "elb", "stdio": "stderr", "name": "tap-sftp", "event": "INFO Syncing file \"./test_users_8b7df3.csv\".", "level": "info", "timestamp": "2023-01-25T16:54:55.226279Z"}
{"consumer": false, "producer": true, "string_id": "tap-sftp", "cmd_type": "elb", "stdio": "stderr", "name": "tap-sftp", "event": "INFO Synced Record Count: 0", "level": "info", "timestamp": "2023-01-25T16:54:55.226538Z"}
{"consumer": false, "producer": true, "string_id": "tap-sftp", "cmd_type": "elb", "stdio": "stdout", "name": "tap-sftp", "event": "{\"type\": \"STATE\", \"value\": {\"bookmarks\": {\"xelt\": {\"modified_since\": \"2022-09-01T15:21:36+00:00\"}}}}", "level": "info", "timestamp": "2023-01-25T16:54:55.247616Z"}
{"consumer": false, "producer": true, "string_id": "tap-sftp", "cmd_type": "elb", "stdio": "stderr", "name": "tap-sftp", "event": "INFO Sync Complete - Records Synced: 98", "level": "info", "timestamp": "2023-01-25T16:54:55.248614Z"}
{"consumer": false, "producer": true, "string_id": "tap-sftp", "cmd_type": "elb", "stdio": "stderr", "name": "tap-sftp", "event": "INFO Syncing file \"./test_users_8d6896.csv\".", "level": "info", "timestamp": "2023-01-25T16:54:55.248841Z"}
{"consumer": false, "producer": true, "string_id": "tap-sftp", "cmd_type": "elb", "stdio": "stderr", "name": "tap-sftp", "event": "INFO Synced Record Count: 0", "level": "info", "timestamp": "2023-01-25T16:54:55.271790Z"}
{"consumer": false, "producer": true, "string_id": "tap-sftp", "cmd_type": "elb", "stdio": "stdout", "name": "tap-sftp", "event": "{\"type\": \"STATE\", \"value\": {\"bookmarks\": {\"xelt\": {\"modified_since\": \"2022-09-01T15:21:36+00:00\"}}}}", "level": "info", "timestamp": "2023-01-25T16:54:55.438187Z"}
{"consumer": false, "producer": true, "string_id": "tap-sftp", "cmd_type": "elb", "stdio": "stderr", "name": "tap-sftp", "event": "INFO Sync Complete - Records Synced: 330", "level": "info", "timestamp": "2023-01-25T16:54:55.438470Z"}
{"consumer": false, "producer": true, "string_id": "tap-sftp", "cmd_type": "elb", "stdio": "stderr", "name": "tap-sftp", "event": "INFO Syncing file \"./test_users_ba060f.csv\".", "level": "info", "timestamp": "2023-01-25T16:54:55.438853Z"}
{"consumer": false, "producer": true, "string_id": "tap-sftp", "cmd_type": "elb", "stdio": "stderr", "name": "tap-sftp", "event": "INFO Synced Record Count: 0", "level": "info", "timestamp": "2023-01-25T16:54:55.439885Z"}
{"consumer": false, "producer": true, "string_id": "tap-sftp", "cmd_type": "elb", "stdio": "stderr", "name": "tap-sftp", "event": "INFO Sync Complete - Records Synced: 407", "level": "info", "timestamp": "2023-01-25T16:54:55.440262Z"}
{"consumer": false, "producer": true, "string_id": "tap-sftp", "cmd_type": "elb", "stdio": "stderr", "name": "tap-sftp", "event": "INFO Syncing file \"./test_users_bd900e.csv\".", "level": "info", "timestamp": "2023-01-25T16:54:55.440635Z"}
{"consumer": false, "producer": true, "string_id": "tap-sftp", "cmd_type": "elb", "stdio": "stdout", "name": "tap-sftp", "event": "{\"type\": \"STATE\", \"value\": {\"bookmarks\": {\"xelt\": {\"modified_since\": \"2022-09-01T15:21:36+00:00\"}}}}", "level": "info", "timestamp": "2023-01-25T16:54:55.585714Z"}
{"consumer": false, "producer": true, "string_id": "tap-sftp", "cmd_type": "elb", "stdio": "stderr", "name": "tap-sftp", "event": "INFO Synced Record Count: 0", "level": "info", "timestamp": "2023-01-25T16:54:55.588965Z"}
{"consumer": false, "producer": true, "string_id": "tap-sftp", "cmd_type": "elb", "stdio": "stderr", "name": "tap-sftp", "event": "INFO Sync Complete - Records Synced: 515", "level": "info", "timestamp": "2023-01-25T16:54:55.589160Z"}
{"consumer": false, "producer": true, "string_id": "tap-sftp", "cmd_type": "elb", "stdio": "stderr", "name": "tap-sftp", "event": "INFO Syncing file \"./test_users_ca5785.csv\".", "level": "info", "timestamp": "2023-01-25T16:54:55.589408Z"}
{"consumer": false, "producer": true, "string_id": "tap-sftp", "cmd_type": "elb", "stdio": "stdout", "name": "tap-sftp", "event": "{\"type\": \"STATE\", \"value\": {\"bookmarks\": {\"xelt\": {\"modified_since\": \"2022-09-01T15:21:36+00:00\"}}}}", "level": "info", "timestamp": "2023-01-25T16:54:55.815043Z"}
{"consumer": false, "producer": true, "string_id": "tap-sftp", "cmd_type": "elb", "stdio": "stderr", "name": "tap-sftp", "event": "INFO Synced Record Count: 0", "level": "info", "timestamp": "2023-01-25T16:54:55.816084Z"}
{"consumer": false, "producer": true, "string_id": "tap-sftp", "cmd_type": "elb", "stdio": "stderr", "name": "tap-sftp", "event": "INFO Sync Complete - Records Synced: 184", "level": "info", "timestamp": "2023-01-25T16:54:55.816304Z"}
{"consumer": false, "producer": true, "string_id": "tap-sftp", "cmd_type": "elb", "stdio": "stderr", "name": "tap-sftp", "event": "INFO Syncing file \"./test_users_f2513d.csv\".", "level": "info", "timestamp": "2023-01-25T16:54:55.816482Z"}
{"consumer": false, "producer": true, "string_id": "tap-sftp", "cmd_type": "elb", "stdio": "stdout", "name": "tap-sftp", "event": "{\"type\": \"STATE\", \"value\": {\"bookmarks\": {\"xelt\": {\"modified_since\": \"2022-09-01T15:21:36+00:00\"}}}}", "level": "info", "timestamp": "2023-01-25T16:54:55.855310Z"}
{"consumer": false, "producer": true, "string_id": "tap-sftp", "cmd_type": "elb", "stdio": "stderr", "name": "tap-sftp", "event": "INFO Synced Record Count: 0", "level": "info", "timestamp": "2023-01-25T16:54:55.875673Z"}
{"consumer": false, "producer": true, "string_id": "tap-sftp", "cmd_type": "elb", "stdio": "stdout", "name": "tap-sftp", "event": "{\"type\": \"STATE\", \"value\": {\"bookmarks\": {\"xelt\": {\"modified_since\": \"2022-09-01T15:21:36+00:00\"}}}}", "level": "info", "timestamp": "2023-01-25T16:54:56.214436Z"}
{"consumer": false, "producer": true, "string_id": "tap-sftp", "cmd_type": "elb", "stdio": "stdout", "name": "tap-sftp", "event": "{\"type\": \"STATE\", \"value\": {\"bookmarks\": {\"xelt\": {\"modified_since\": \"2022-09-01T15:21:36+00:00\"}}}}", "level": "info", "timestamp": "2023-01-25T16:54:56.285072Z"}
{"consumer": false, "producer": true, "string_id": "tap-sftp", "cmd_type": "elb", "stdio": "stderr", "name": "tap-sftp", "event": "INFO Sync Complete - Records Synced: 822", "level": "info", "timestamp": "2023-01-25T16:54:56.424428Z"}
{"consumer": false, "producer": true, "string_id": "tap-sftp", "cmd_type": "elb", "stdio": "stderr", "name": "tap-sftp", "event": "INFO Syncing file \"./test_users_f48f11.csv\".", "level": "info", "timestamp": "2023-01-25T16:54:56.424705Z"}
{"consumer": false, "producer": true, "string_id": "tap-sftp", "cmd_type": "elb", "stdio": "stderr", "name": "tap-sftp", "event": "INFO Synced Record Count: 0", "level": "info", "timestamp": "2023-01-25T16:54:56.424991Z"}
{"consumer": false, "producer": true, "string_id": "tap-sftp", "cmd_type": "elb", "stdio": "stderr", "name": "tap-sftp", "event": "INFO Sync Complete - Records Synced: 306", "level": "info", "timestamp": "2023-01-25T16:54:56.425188Z"}
{"consumer": false, "producer": true, "string_id": "tap-sftp", "cmd_type": "elb", "stdio": "stderr", "name": "tap-sftp", "event": "INFO Syncing file \"./test_users_f81d0f.csv\".", "level": "info", "timestamp": "2023-01-25T16:54:56.425423Z"}
{"consumer": false, "producer": true, "string_id": "tap-sftp", "cmd_type": "elb", "stdio": "stderr", "name": "tap-sftp", "event": "INFO Synced Record Count: 0", "level": "info", "timestamp": "2023-01-25T16:54:56.425707Z"}
{"consumer": false, "producer": true, "string_id": "tap-sftp", "cmd_type": "elb", "stdio": "stdout", "name": "tap-sftp", "event": "{\"type\": \"STATE\", \"value\": {\"bookmarks\": {\"xelt\": {\"modified_since\": \"2022-09-01T15:21:36+00:00\"}}}}", "level": "info", "timestamp": "2023-01-25T16:54:56.454271Z"}
{"consumer": false, "producer": true, "string_id": "tap-sftp", "cmd_type": "elb", "stdio": "stderr", "name": "tap-sftp", "event": "INFO Sync Complete - Records Synced: 367", "level": "info", "timestamp": "2023-01-25T16:54:56.454671Z"}
{"consumer": false, "producer": true, "string_id": "tap-sftp", "cmd_type": "elb", "stdio": "stderr", "name": "tap-sftp", "event": "INFO Wrote 18911 records for table \"xelt\".", "level": "info", "timestamp": "2023-01-25T16:54:56.454870Z"}
{"consumer": false, "producer": true, "string_id": "tap-sftp", "cmd_type": "elb", "stdio": "stderr", "name": "tap-sftp", "event": "INFO xelt: Completed sync (18911 rows)", "level": "info", "timestamp": "2023-01-25T16:54:56.455041Z"}
{"consumer": false, "producer": true, "string_id": "tap-sftp", "cmd_type": "elb", "stdio": "stderr", "name": "tap-sftp", "event": "INFO [chan 0] sftp session closed.", "level": "info", "timestamp": "2023-01-25T16:54:56.455327Z"}
{"consumer": false, "producer": true, "string_id": "tap-sftp", "cmd_type": "elb", "stdio": "stderr", "name": "tap-sftp", "event": "INFO", "level": "info", "timestamp": "2023-01-25T16:54:56.455509Z"}
{"consumer": false, "producer": true, "string_id": "tap-sftp", "cmd_type": "elb", "stdio": "stderr", "name": "tap-sftp", "event": "", "level": "info", "timestamp": "2023-01-25T16:54:56.455679Z"}
{"consumer": false, "producer": true, "string_id": "tap-sftp", "cmd_type": "elb", "stdio": "stderr", "name": "tap-sftp", "event": "+Extraction Summary----------+----------------+-------------------------+-----------+---------------------------+", "level": "info", "timestamp": "2023-01-25T16:54:56.455844Z"}
{"consumer": false, "producer": true, "string_id": "tap-sftp", "cmd_type": "elb", "stdio": "stderr", "name": "tap-sftp", "event": "| table_name | search prefix | search pattern | file path               | row count | last_modified             |", "level": "info", "timestamp": "2023-01-25T16:54:56.456009Z"}
{"consumer": false, "producer": true, "string_id": "tap-sftp", "cmd_type": "elb", "stdio": "stderr", "name": "tap-sftp", "event": "+------------+---------------+----------------+-------------------------+-----------+---------------------------+", "level": "info", "timestamp": "2023-01-25T16:54:56.456198Z"}
{"consumer": false, "producer": true, "string_id": "tap-sftp", "cmd_type": "elb", "stdio": "stderr", "name": "tap-sftp", "event": "| xelt       |               | test_.*\\.*     | ./address_test_file.csv | 10        | 2023-01-06 09:59:59+00:00 |", "level": "info", "timestamp": "2023-01-25T16:54:56.456475Z"}
{"consumer": false, "producer": true, "string_id": "tap-sftp", "cmd_type": "elb", "stdio": "stderr", "name": "tap-sftp", "event": "| xelt       |               | test_.*\\.*     | ./test_3ac7c4.csv       | 969       | 2022-09-01 15:21:43+00:00 |", "level": "info", "timestamp": "2023-01-25T16:54:56.456677Z"}
{"consumer": false, "producer": true, "string_id": "tap-sftp", "cmd_type": "elb", "stdio": "stderr", "name": "tap-sftp", "event": "| xelt       |               | test_.*\\.*     | ./test_42c6dc.csv       | 664       | 2022-09-01 15:21:42+00:00 |", "level": "info", "timestamp": "2023-01-25T16:54:56.456853Z"}
{"consumer": false, "producer": true, "string_id": "tap-sftp", "cmd_type": "elb", "stdio": "stderr", "name": "tap-sftp", "event": "| xelt       |               | test_.*\\.*     | ./test_46f612.csv       | 794       | 2022-09-01 15:21:42+00:00 |", "level": "info", "timestamp": "2023-01-25T16:54:56.457021Z"}
{"consumer": false, "producer": true, "string_id": "tap-sftp", "cmd_type": "elb", "stdio": "stderr", "name": "tap-sftp", "event": "| xelt       |               | test_.*\\.*     | ./test_487f9c.csv       | 422       | 2022-09-01 15:21:42+00:00 |", "level": "info", "timestamp": "2023-01-25T16:54:56.457185Z"}
{"consumer": false, "producer": true, "string_id": "tap-sftp", "cmd_type": "elb", "stdio": "stderr", "name": "tap-sftp", "event": "| xelt       |               | test_.*\\.*     | ./test_5a19f5.csv       | 306       | 2022-09-01 15:21:42+00:00 |", "level": "info", "timestamp": "2023-01-25T16:54:56.457348Z"}
{"consumer": false, "producer": true, "string_id": "tap-sftp", "cmd_type": "elb", "stdio": "stderr", "name": "tap-sftp", "event": "| xelt       |               | test_.*\\.*     | ./test_5b3988.csv       | 491       | 2022-09-01 15:21:42+00:00 |", "level": "info", "timestamp": "2023-01-25T16:54:56.457508Z"}
{"consumer": false, "producer": true, "string_id": "tap-sftp", "cmd_type": "elb", "stdio": "stderr", "name": "tap-sftp", "event": "| xelt       |               | test_.*\\.*     | ./test_686a85.csv       | 142       | 2022-09-01 15:21:42+00:00 |", "level": "info", "timestamp": "2023-01-25T16:54:56.457671Z"}
{"consumer": false, "producer": true, "string_id": "tap-sftp", "cmd_type": "elb", "stdio": "stderr", "name": "tap-sftp", "event": "| xelt       |               | test_.*\\.*     | ./test_7569eb.csv       | 731       | 2022-09-01 15:21:42+00:00 |", "level": "info", "timestamp": "2023-01-25T16:54:56.457832Z"}
{"consumer": false, "producer": true, "string_id": "tap-sftp", "cmd_type": "elb", "stdio": "stderr", "name": "tap-sftp", "event": "| xelt       |               | test_.*\\.*     | ./test_7bdf4f.csv       | 239       | 2022-09-01 15:21:42+00:00 |", "level": "info", "timestamp": "2023-01-25T16:54:56.457991Z"}
{"consumer": false, "producer": true, "string_id": "tap-sftp", "cmd_type": "elb", "stdio": "stderr", "name": "tap-sftp", "event": "| xelt       |               | test_.*\\.*     | ./test_809010.csv       | 580       | 2022-09-01 15:21:42+00:00 |", "level": "info", "timestamp": "2023-01-25T16:54:56.458148Z"}
{"consumer": false, "producer": true, "string_id": "tap-sftp", "cmd_type": "elb", "stdio": "stderr", "name": "tap-sftp", "event": "| xelt       |               | test_.*\\.*     | ./test_871049.csv       | 686       | 2022-09-01 15:21:43+00:00 |", "level": "info", "timestamp": "2023-01-25T16:54:56.458309Z"}
{"consumer": false, "producer": true, "string_id": "tap-sftp", "cmd_type": "elb", "stdio": "stderr", "name": "tap-sftp", "event": "| xelt       |               | test_.*\\.*     | ./test_ac76c3.csv       | 833       | 2022-09-01 15:21:43+00:00 |", "level": "info", "timestamp": "2023-01-25T16:54:56.458469Z"}
{"consumer": false, "producer": true, "string_id": "tap-sftp", "cmd_type": "elb", "stdio": "stderr", "name": "tap-sftp", "event": "| xelt       |               | test_.*\\.*     | ./test_bced22.csv       | 202       | 2022-09-01 15:21:42+00:00 |", "level": "info", "timestamp": "2023-01-25T16:54:56.458627Z"}
{"consumer": false, "producer": true, "string_id": "tap-sftp", "cmd_type": "elb", "stdio": "stderr", "name": "tap-sftp", "event": "| xelt       |               | test_.*\\.*     | ./test_ca0a64.csv       | 65        | 2022-09-01 15:21:42+00:00 |", "level": "info", "timestamp": "2023-01-25T16:54:56.458882Z"}
{"consumer": false, "producer": true, "string_id": "tap-sftp", "cmd_type": "elb", "stdio": "stderr", "name": "tap-sftp", "event": "| xelt       |               | test_.*\\.*     | ./test_ca0c0b.csv       | 770       | 2022-09-01 15:21:42+00:00 |", "level": "info", "timestamp": "2023-01-25T16:54:56.459176Z"}
{"consumer": false, "producer": true, "string_id": "tap-sftp", "cmd_type": "elb", "stdio": "stderr", "name": "tap-sftp", "event": "| xelt       |               | test_.*\\.*     | ./test_db2f48.csv       | 63        | 2022-09-01 15:21:42+00:00 |", "level": "info", "timestamp": "2023-01-25T16:54:56.459391Z"}
{"consumer": false, "producer": true, "string_id": "tap-sftp", "cmd_type": "elb", "stdio": "stderr", "name": "tap-sftp", "event": "| xelt       |               | test_.*\\.*     | ./test_e1c113.csv       | 721       | 2022-09-01 15:21:42+00:00 |", "level": "info", "timestamp": "2023-01-25T16:54:56.459687Z"}
{"consumer": false, "producer": true, "string_id": "tap-sftp", "cmd_type": "elb", "stdio": "stderr", "name": "tap-sftp", "event": "| xelt       |               | test_.*\\.*     | ./test_e22fbb.csv       | 771       | 2022-09-01 15:21:42+00:00 |", "level": "info", "timestamp": "2023-01-25T16:54:56.460111Z"}
{"consumer": false, "producer": true, "string_id": "tap-sftp", "cmd_type": "elb", "stdio": "stderr", "name": "tap-sftp", "event": "| xelt       |               | test_.*\\.*     | ./test_ec70e8.csv       | 916       | 2022-09-01 15:21:42+00:00 |", "level": "info", "timestamp": "2023-01-25T16:54:56.460326Z"}
{"consumer": false, "producer": true, "string_id": "tap-sftp", "cmd_type": "elb", "stdio": "stderr", "name": "tap-sftp", "event": "| xelt       |               | test_.*\\.*     | ./test_fc2b20.csv       | 625       | 2022-09-01 15:21:42+00:00 |", "level": "info", "timestamp": "2023-01-25T16:54:56.460602Z"}
{"consumer": false, "producer": true, "string_id": "tap-sftp", "cmd_type": "elb", "stdio": "stderr", "name": "tap-sftp", "event": "| xelt       |               | test_.*\\.*     | ./test_fce06e.csv       | 168       | 2022-09-01 15:21:42+00:00 |", "level": "info", "timestamp": "2023-01-25T16:54:56.460846Z"}
{"consumer": false, "producer": true, "string_id": "tap-sftp", "cmd_type": "elb", "stdio": "stderr", "name": "tap-sftp", "event": "| xelt       |               | test_.*\\.*     | ./test_users_145a70.csv | 78        | 2022-09-01 15:21:36+00:00 |", "level": "info", "timestamp": "2023-01-25T16:54:56.461127Z"}
{"consumer": false, "producer": true, "string_id": "tap-sftp", "cmd_type": "elb", "stdio": "stderr", "name": "tap-sftp", "event": "| xelt       |               | test_.*\\.*     | ./test_users_36d0f9.csv | 215       | 2022-09-01 15:21:36+00:00 |", "level": "info", "timestamp": "2023-01-25T16:54:56.461345Z"}
{"consumer": false, "producer": true, "string_id": "tap-sftp", "cmd_type": "elb", "stdio": "stderr", "name": "tap-sftp", "event": "| xelt       |               | test_.*\\.*     | ./test_users_377e3a.csv | 690       | 2022-09-01 15:21:36+00:00 |", "level": "info", "timestamp": "2023-01-25T16:54:56.461624Z"}
{"consumer": false, "producer": true, "string_id": "tap-sftp", "cmd_type": "elb", "stdio": "stderr", "name": "tap-sftp", "event": "| xelt       |               | test_.*\\.*     | ./test_users_38a465.csv | 156       | 2022-09-01 15:21:36+00:00 |", "level": "info", "timestamp": "2023-01-25T16:54:56.461811Z"}
{"consumer": false, "producer": true, "string_id": "tap-sftp", "cmd_type": "elb", "stdio": "stderr", "name": "tap-sftp", "event": "| xelt       |               | test_.*\\.*     | ./test_users_3ca3e5.csv | 451       | 2022-09-01 15:21:36+00:00 |", "level": "info", "timestamp": "2023-01-25T16:54:56.461980Z"}
{"consumer": false, "producer": true, "string_id": "tap-sftp", "cmd_type": "elb", "stdio": "stderr", "name": "tap-sftp", "event": "| xelt       |               | test_.*\\.*     | ./test_users_465df4.csv | 409       | 2022-09-01 15:21:36+00:00 |", "level": "info", "timestamp": "2023-01-25T16:54:56.462145Z"}
{"consumer": false, "producer": true, "string_id": "tap-sftp", "cmd_type": "elb", "stdio": "stderr", "name": "tap-sftp", "event": "| xelt       |               | test_.*\\.*     | ./test_users_57fe6e.csv | 326       | 2022-09-01 15:21:36+00:00 |", "level": "info", "timestamp": "2023-01-25T16:54:56.462505Z"}
{"consumer": false, "producer": true, "string_id": "tap-sftp", "cmd_type": "elb", "stdio": "stderr", "name": "tap-sftp", "event": "| xelt       |               | test_.*\\.*     | ./test_users_752290.csv | 175       | 2022-09-01 15:21:36+00:00 |", "level": "info", "timestamp": "2023-01-25T16:54:56.462696Z"}
{"consumer": false, "producer": true, "string_id": "tap-sftp", "cmd_type": "elb", "stdio": "stderr", "name": "tap-sftp", "event": "| xelt       |               | test_.*\\.*     | ./test_users_757e66.csv | 872       | 2022-09-01 15:21:36+00:00 |", "level": "info", "timestamp": "2023-01-25T16:54:56.462886Z"}
{"consumer": false, "producer": true, "string_id": "tap-sftp", "cmd_type": "elb", "stdio": "stderr", "name": "tap-sftp", "event": "| xelt       |               | test_.*\\.*     | ./test_users_75bf04.csv | 813       | 2022-09-01 15:21:36+00:00 |", "level": "info", "timestamp": "2023-01-25T16:54:56.463054Z"}
{"consumer": false, "producer": true, "string_id": "tap-sftp", "cmd_type": "elb", "stdio": "stderr", "name": "tap-sftp", "event": "| xelt       |               | test_.*\\.*     | ./test_users_764a8e.csv | 118       | 2022-09-01 15:21:36+00:00 |", "level": "info", "timestamp": "2023-01-25T16:54:56.463260Z"}
{"consumer": false, "producer": true, "string_id": "tap-sftp", "cmd_type": "elb", "stdio": "stderr", "name": "tap-sftp", "event": "| xelt       |               | test_.*\\.*     | ./test_users_840723.csv | 411       | 2022-09-01 15:21:36+00:00 |", "level": "info", "timestamp": "2023-01-25T16:54:56.463459Z"}
{"consumer": false, "producer": true, "string_id": "tap-sftp", "cmd_type": "elb", "stdio": "stderr", "name": "tap-sftp", "event": "| xelt       |               | test_.*\\.*     | ./test_users_8b7df3.csv | 98        | 2022-09-01 15:21:36+00:00 |", "level": "info", "timestamp": "2023-01-25T16:54:56.463632Z"}
{"consumer": false, "producer": true, "string_id": "tap-sftp", "cmd_type": "elb", "stdio": "stderr", "name": "tap-sftp", "event": "| xelt       |               | test_.*\\.*     | ./test_users_8d6896.csv | 330       | 2022-09-01 15:21:36+00:00 |", "level": "info", "timestamp": "2023-01-25T16:54:56.463853Z"}
{"consumer": false, "producer": true, "string_id": "tap-sftp", "cmd_type": "elb", "stdio": "stderr", "name": "tap-sftp", "event": "| xelt       |               | test_.*\\.*     | ./test_users_ba060f.csv | 407       | 2022-09-01 15:21:36+00:00 |", "level": "info", "timestamp": "2023-01-25T16:54:56.464038Z"}
{"consumer": false, "producer": true, "string_id": "tap-sftp", "cmd_type": "elb", "stdio": "stderr", "name": "tap-sftp", "event": "| xelt       |               | test_.*\\.*     | ./test_users_bd900e.csv | 515       | 2022-09-01 15:21:36+00:00 |", "level": "info", "timestamp": "2023-01-25T16:54:56.464216Z"}
{"consumer": false, "producer": true, "string_id": "tap-sftp", "cmd_type": "elb", "stdio": "stderr", "name": "tap-sftp", "event": "| xelt       |               | test_.*\\.*     | ./test_users_ca5785.csv | 184       | 2022-09-01 15:21:36+00:00 |", "level": "info", "timestamp": "2023-01-25T16:54:56.464394Z"}
{"consumer": false, "producer": true, "string_id": "tap-sftp", "cmd_type": "elb", "stdio": "stderr", "name": "tap-sftp", "event": "| xelt       |               | test_.*\\.*     | ./test_users_f2513d.csv | 822       | 2022-09-01 15:21:36+00:00 |", "level": "info", "timestamp": "2023-01-25T16:54:56.464641Z"}
{"consumer": false, "producer": true, "string_id": "tap-sftp", "cmd_type": "elb", "stdio": "stderr", "name": "tap-sftp", "event": "| xelt       |               | test_.*\\.*     | ./test_users_f48f11.csv | 306       | 2022-09-01 15:21:36+00:00 |", "level": "info", "timestamp": "2023-01-25T16:54:56.464921Z"}
{"consumer": false, "producer": true, "string_id": "tap-sftp", "cmd_type": "elb", "stdio": "stderr", "name": "tap-sftp", "event": "| xelt       |               | test_.*\\.*     | ./test_users_f81d0f.csv | 367       | 2022-09-01 15:21:36+00:00 |", "level": "info", "timestamp": "2023-01-25T16:54:56.465127Z"}
{"consumer": false, "producer": true, "string_id": "tap-sftp", "cmd_type": "elb", "stdio": "stderr", "name": "tap-sftp", "event": "+------------+---------------+----------------+-------------------------+-----------+---------------------------+", "level": "info", "timestamp": "2023-01-25T16:54:56.465361Z"}
{"consumer": false, "producer": true, "string_id": "tap-sftp", "cmd_type": "elb", "stdio": "stderr", "name": "tap-sftp", "event": "INFO Done syncing.", "level": "info", "timestamp": "2023-01-25T16:54:56.465539Z"}
{"name": "tap-sftp", "event": "head producer completed first as expected", "level": "debug", "timestamp": "2023-01-25T16:54:56.466004Z"}
{"event": "tail consumer is next block, wrapping up", "level": "debug", "timestamp": "2023-01-25T16:54:56.466400Z"}
{"event": "Added to state dev:tap-sftp-to-target-jsonl state payload {'singer_state': {'bookmarks': {'xelt': {'modified_since': '2022-09-01T15:21:36+00:00'}}}}", "level": "debug", "timestamp": "2023-01-25T16:54:56.472894Z"}
{"event": "Incremental state has been updated at 2023-01-25 16:54:56.477177.", "timestamp": "2023-01-25T16:54:56.477355Z", "level": "info"}
{"event": "Incremental state: {'bookmarks': {'xelt': {'modified_since': '2022-09-01T15:21:36+00:00'}}}", "timestamp": "2023-01-25T16:54:56.477485Z", "level": "debug"}
{"consumer": true, "producer": false, "string_id": "target-jsonl", "cmd_type": "elb", "stdio": "stdout", "name": "target-jsonl", "event": "{\"bookmarks\": {\"xelt\": {\"modified_since\": \"2022-09-01T15:21:36+00:00\"}}}", "level": "info", "timestamp": "2023-01-25T16:54:56.477577Z"}
{"event": "Deleted configuration at /Users/radbrt/projects/meltanywhere/azure/.meltano/run/tap-sftp/tap.48a780e9-bf27-4ad4-b786-a2934dacd903.config.json", "timestamp": "2023-01-25T16:54:56.479799Z", "level": "debug"}
{"event": "Deleted configuration at /Users/radbrt/projects/meltanywhere/azure/.meltano/run/target-jsonl/target.5a38bf69-c3f1-4bfd-a929-6fd99fa2e11d.config.json", "timestamp": "2023-01-25T16:54:56.480113Z", "level": "debug"}
{"set_number": 0, "block_type": "ExtractLoadBlocks", "success": true, "err": null, "event": "Block run completed.", "level": "info", "timestamp": "2023-01-25T16:54:56.484689Z"}
